--------------- Build Started: 11/10/2015 15:28:18 Project: Plant_control2_0, Configuration: ARM GCC 4.9-2015-q1-update Debug ---------------
cydsfit.exe -.appdatapath "C:\Users\LaimonasIgnas\AppData\Local\Cypress Semiconductor\PSoC Creator\3.3" -.fdsnotice -.fdswarpdepfile=warp_dependencies.txt -.fdselabdepfile=elab_dependencies.txt -.fdsbldfile=generated_files.txt -p C:\Users\LaimonasIgnas\Desktop\Plant_control2_0.cydsn\PSoC\Plant_control2_0.cydsn\Plant_control2_0.cyprj -d CY8C4245AXI-483 -s C:\Users\LaimonasIgnas\Desktop\Plant_control2_0.cydsn\PSoC\Plant_control2_0.cydsn\Generated_Source\PSoC4 -- -yv2 -q10 -ygs -o2 -v3 -.fftcfgtype=LE
Elaborating Design...
HDL Generation ...
Synthesis ...
Place and Route ...
Tech mapping ...
ADD: pft.M0040: information: The following 7 pin(s) will be assigned a location by the fitter: Clock_out_capasitiv_sensors(0), Fugt(0), Lysfoler(0), Niveau_vandtank(0), Pumpe(0), Rotor_motor(0), stromstyring_plus(0)
Analog Placement ...
Analog Routing ...
Analog Code Generation ...
Digital Placement ...
Digital Routing ...
Bitstream Generation ...
Static timing analysis ...
API Generation ...
Dependency Generation ...
Clean Temporary Files ...
arm-none-eabi-gcc.exe -mcpu=cortex-m0 -mthumb -Wno-main -I. -IGenerated_Source\PSoC4 -Wa,-alh=.\CortexM0\ARM_GCC_493\Debug/cyfitter_cfg.lst -g -D DEBUG -Wall -ffunction-sections -Og -ffat-lto-objects -c .\Generated_Source\PSoC4\cyfitter_cfg.c -o .\CortexM0\ARM_GCC_493\Debug\cyfitter_cfg.o
arm-none-eabi-ar.exe -rs .\CortexM0\ARM_GCC_493\Debug\Plant_control2_0.a .\CortexM0\ARM_GCC_493\Debug\cyfitter_cfg.o .\CortexM0\ARM_GCC_493\Debug\ADC_SAR_Seq_1.o .\CortexM0\ARM_GCC_493\Debug\ADC_SAR_Seq_1_PM.o .\CortexM0\ARM_GCC_493\Debug\ADC_SAR_Seq_1_INT.o .\CortexM0\ARM_GCC_493\Debug\ADC_SAR_Seq_1_IRQ.o .\CortexM0\ARM_GCC_493\Debug\ADC_SAR_Seq_1_intClock.o .\CortexM0\ARM_GCC_493\Debug\CyBootAsmGnu.o .\CortexM0\ARM_GCC_493\Debug\CyFlash.o .\CortexM0\ARM_GCC_493\Debug\CyLib.o .\CortexM0\ARM_GCC_493\Debug\cyPm.o .\CortexM0\ARM_GCC_493\Debug\cyutils.o .\CortexM0\ARM_GCC_493\Debug\CyLFClk.o .\CortexM0\ARM_GCC_493\Debug\Fugt.o .\CortexM0\ARM_GCC_493\Debug\temperatur.o .\CortexM0\ARM_GCC_493\Debug\Niveau_vandtank.o .\CortexM0\ARM_GCC_493\Debug\Pumpe.o .\CortexM0\ARM_GCC_493\Debug\Rotor_motor.o .\CortexM0\ARM_GCC_493\Debug\Lysfoler.o .\CortexM0\ARM_GCC_493\Debug\isr_EOC.o .\CortexM0\ARM_GCC_493\Debug\temperatur_ref.o .\CortexM0\ARM_GCC_493\Debug\stromstyring_plus.o .\CortexM0\ARM_GCC_493\Debug\Clock_1.o .\CortexM0\ARM_GCC_493\Debug\Clock_out_capasitiv_sensors.o .\CortexM0\ARM_GCC_493\Debug\UART.o .\CortexM0\ARM_GCC_493\Debug\UART_PM.o .\CortexM0\ARM_GCC_493\Debug\UART_INT.o .\CortexM0\ARM_GCC_493\Debug\UART_BOOT.o .\CortexM0\ARM_GCC_493\Debug\isr_UART.o .\CortexM0\ARM_GCC_493\Debug\UART_IntClock.o
arm-none-eabi-ar.exe: creating .\CortexM0\ARM_GCC_493\Debug\Plant_control2_0.a
arm-none-eabi-gcc.exe -Wl,--start-group -o .\CortexM0\ARM_GCC_493\Debug\Plant_control2_0.elf .\CortexM0\ARM_GCC_493\Debug\main.o .\CortexM0\ARM_GCC_493\Debug\Plantcontrol.o .\CortexM0\ARM_GCC_493\Debug\sensors.o .\CortexM0\ARM_GCC_493\Debug\pump.o .\CortexM0\ARM_GCC_493\Debug\wifi.o .\CortexM0\ARM_GCC_493\Debug\cymetadata.o .\CortexM0\ARM_GCC_493\Debug\Cm0Start.o .\CortexM0\ARM_GCC_493\Debug\Plant_control2_0.a "C:\Program Files (x86)\Cypress\PSoC Creator\3.3\PSoC Creator\psoc\content\cycomponentlibrary\CyComponentLibrary.cylib\CortexM0\ARM_GCC_493\Debug\CyComponentLibrary.a" -mcpu=cortex-m0 -mthumb -g -ffunction-sections -Og -L Generated_Source\PSoC4 -Wl,-Map,.\CortexM0\ARM_GCC_493\Debug/Plant_control2_0.map -T Generated_Source\PSoC4\cm0gcc.ld -specs=nano.specs -Wl,--gc-sections -Wl,--end-group
cyelftool.exe -C C:\Users\LaimonasIgnas\Desktop\Plant_control2_0.cydsn\PSoC\Plant_control2_0.cydsn\CortexM0\ARM_GCC_493\Debug\Plant_control2_0.elf --flash_row_size 128 --flash_size 32768
cyelftool.exe -S C:\Users\LaimonasIgnas\Desktop\Plant_control2_0.cydsn\PSoC\Plant_control2_0.cydsn\CortexM0\ARM_GCC_493\Debug\Plant_control2_0.elf
Flash used: 16384 of 32768 bytes (50,0 %).
SRAM used: 2916 of 4096 bytes (71,2 %). Stack: 1024 bytes. Heap: 128 bytes.
--------------- Build Succeeded: 11/10/2015 15:28:40 ---------------
