ARM GAS  C:\Users\LAIMON~1\AppData\Local\Temp\ccURmCwa.s 			page 1


   1              		.cpu cortex-m0
   2              		.fpu softvfp
   3              		.eabi_attribute 20, 1
   4              		.eabi_attribute 21, 1
   5              		.eabi_attribute 23, 3
   6              		.eabi_attribute 24, 1
   7              		.eabi_attribute 25, 1
   8              		.eabi_attribute 26, 1
   9              		.eabi_attribute 30, 1
  10              		.eabi_attribute 34, 0
  11              		.eabi_attribute 18, 4
  12              		.code	16
  13              		.file	"main.c"
  14              		.text
  15              	.Ltext0:
  16              		.cfi_sections	.debug_frame
  17              		.section	.text.main,"ax",%progbits
  18              		.align	2
  19              		.global	main
  20              		.code	16
  21              		.thumb_func
  22              		.type	main, %function
  23              	main:
  24              	.LFB33:
  25              		.file 1 ".\\main.c"
   1:.\main.c      **** /* ========================================
   2:.\main.c      ****  *
   3:.\main.c      ****  * Copyright YOUR COMPANY, THE YEAR
   4:.\main.c      ****  * All Rights Reserved
   5:.\main.c      ****  * UNPUBLISHED, LICENSED SOFTWARE.
   6:.\main.c      ****  *
   7:.\main.c      ****  * CONFIDENTIAL AND PROPRIETARY INFORMATION
   8:.\main.c      ****  * WHICH IS THE PROPERTY OF your company.
   9:.\main.c      ****  *
  10:.\main.c      ****  * ========================================
  11:.\main.c      **** */
  12:.\main.c      **** #include <project.h>
  13:.\main.c      **** #include <Plantcontrol.h>
  14:.\main.c      **** 
  15:.\main.c      **** CY_ISR_PROTO(isr_EOC_vec);
  16:.\main.c      **** 
  17:.\main.c      **** 
  18:.\main.c      **** CY_ISR_PROTO(UART_ISR);                                     //interrupt når der er data i RX buffe
  19:.\main.c      **** 
  20:.\main.c      ****     
  21:.\main.c      **** int main()
  22:.\main.c      **** {
  26              		.loc 1 22 0
  27              		.cfi_startproc
  28 0000 08B5     		push	{r3, lr}
  29              		.cfi_def_cfa_offset 8
  30              		.cfi_offset 3, -8
  31              		.cfi_offset 14, -4
  23:.\main.c      **** CyGlobalIntEnable;
  32              		.loc 1 23 0
  33              	@ 23 ".\main.c" 1
  34 0002 62B6     		CPSIE   i
ARM GAS  C:\Users\LAIMON~1\AppData\Local\Temp\ccURmCwa.s 			page 2


  35              	@ 0 "" 2
  24:.\main.c      **** isr_EOC_StartEx(isr_EOC_vec);
  36              		.loc 1 24 0
  37              		.code	16
  38 0004 0748     		ldr	r0, .L3
  39 0006 FFF7FEFF 		bl	isr_EOC_StartEx
  40              	.LVL0:
  25:.\main.c      **** /* Place your initialization/startup code here (e.g. MyInst_Start()) */
  26:.\main.c      **** ADC_SAR_Seq_1_Start();
  41              		.loc 1 26 0
  42 000a FFF7FEFF 		bl	ADC_SAR_Seq_1_Start
  43              	.LVL1:
  27:.\main.c      **** ADC_SAR_Seq_1_StartConvert();
  44              		.loc 1 27 0
  45 000e FFF7FEFF 		bl	ADC_SAR_Seq_1_StartConvert
  46              	.LVL2:
  28:.\main.c      **** //UART_1_Start(); // til test af sensorer ( udkommenter uart del i sensors.c også)
  29:.\main.c      **** 
  30:.\main.c      ****     isr_UART_StartEx(UART_ISR);                 //initierer en bruger defineret interrupt service: 
  47              		.loc 1 30 0
  48 0012 0548     		ldr	r0, .L3+4
  49 0014 FFF7FEFF 		bl	isr_UART_StartEx
  50              	.LVL3:
  31:.\main.c      ****     UART_Start();     
  51              		.loc 1 31 0
  52 0018 FFF7FEFF 		bl	UART_Start
  53              	.LVL4:
  54              	.L2:
  32:.\main.c      ****     //initPSoCWiFi(SSID,PASS,DevKitIP);
  33:.\main.c      **** 
  34:.\main.c      ****     for(;;)
  35:.\main.c      ****     {
  36:.\main.c      ****         run();
  55              		.loc 1 36 0 discriminator 1
  56 001c FFF7FEFF 		bl	run
  57              	.LVL5:
  37:.\main.c      ****     }
  58              		.loc 1 37 0 discriminator 1
  59 0020 FCE7     		b	.L2
  60              	.L4:
  61 0022 C046     		.align	2
  62              	.L3:
  63 0024 00000000 		.word	isr_EOC_vec
  64 0028 00000000 		.word	UART_ISR
  65              		.cfi_endproc
  66              	.LFE33:
  67              		.size	main, .-main
  68              		.comm	indexnummer1,2,2
  69              		.text
  70              	.Letext0:
  71              		.file 2 "Generated_Source\\PSoC4/cytypes.h"
  72              		.file 3 "Generated_Source\\PSoC4/ADC_SAR_Seq_1.h"
  73              		.file 4 "Generated_Source\\PSoC4/isr_EOC.h"
  74              		.file 5 "Generated_Source\\PSoC4/isr_UART.h"
  75              		.file 6 "Generated_Source\\PSoC4/UART.h"
  76              		.file 7 "./motor.h"
  77              		.file 8 "./Plantcontrol.h"
ARM GAS  C:\Users\LAIMON~1\AppData\Local\Temp\ccURmCwa.s 			page 3


  78              		.section	.debug_info,"",%progbits
  79              	.Ldebug_info0:
  80 0000 43010000 		.4byte	0x143
  81 0004 0400     		.2byte	0x4
  82 0006 00000000 		.4byte	.Ldebug_abbrev0
  83 000a 04       		.byte	0x4
  84 000b 01       		.uleb128 0x1
  85 000c 39010000 		.4byte	.LASF20
  86 0010 01       		.byte	0x1
  87 0011 CD010000 		.4byte	.LASF21
  88 0015 03010000 		.4byte	.LASF22
  89 0019 00000000 		.4byte	.Ldebug_ranges0+0
  90 001d 00000000 		.4byte	0
  91 0021 00000000 		.4byte	.Ldebug_line0
  92 0025 02       		.uleb128 0x2
  93 0026 01       		.byte	0x1
  94 0027 06       		.byte	0x6
  95 0028 F7000000 		.4byte	.LASF0
  96 002c 02       		.uleb128 0x2
  97 002d 01       		.byte	0x1
  98 002e 08       		.byte	0x8
  99 002f 96000000 		.4byte	.LASF1
 100 0033 02       		.uleb128 0x2
 101 0034 02       		.byte	0x2
 102 0035 05       		.byte	0x5
 103 0036 BF000000 		.4byte	.LASF2
 104 003a 02       		.uleb128 0x2
 105 003b 02       		.byte	0x2
 106 003c 07       		.byte	0x7
 107 003d E4000000 		.4byte	.LASF3
 108 0041 02       		.uleb128 0x2
 109 0042 04       		.byte	0x4
 110 0043 05       		.byte	0x5
 111 0044 A9000000 		.4byte	.LASF4
 112 0048 02       		.uleb128 0x2
 113 0049 04       		.byte	0x4
 114 004a 07       		.byte	0x7
 115 004b 4C000000 		.4byte	.LASF5
 116 004f 02       		.uleb128 0x2
 117 0050 08       		.byte	0x8
 118 0051 05       		.byte	0x5
 119 0052 00000000 		.4byte	.LASF6
 120 0056 02       		.uleb128 0x2
 121 0057 08       		.byte	0x8
 122 0058 07       		.byte	0x7
 123 0059 6E000000 		.4byte	.LASF7
 124 005d 03       		.uleb128 0x3
 125 005e 04       		.byte	0x4
 126 005f 05       		.byte	0x5
 127 0060 696E7400 		.ascii	"int\000"
 128 0064 02       		.uleb128 0x2
 129 0065 04       		.byte	0x4
 130 0066 07       		.byte	0x7
 131 0067 D6010000 		.4byte	.LASF8
 132 006b 04       		.uleb128 0x4
 133 006c C7010000 		.4byte	.LASF12
 134 0070 02       		.byte	0x2
ARM GAS  C:\Users\LAIMON~1\AppData\Local\Temp\ccURmCwa.s 			page 4


 135 0071 C6       		.byte	0xc6
 136 0072 33000000 		.4byte	0x33
 137 0076 02       		.uleb128 0x2
 138 0077 04       		.byte	0x4
 139 0078 04       		.byte	0x4
 140 0079 85000000 		.4byte	.LASF9
 141 007d 02       		.uleb128 0x2
 142 007e 08       		.byte	0x8
 143 007f 04       		.byte	0x4
 144 0080 C9000000 		.4byte	.LASF10
 145 0084 02       		.uleb128 0x2
 146 0085 01       		.byte	0x1
 147 0086 08       		.byte	0x8
 148 0087 A4000000 		.4byte	.LASF11
 149 008b 05       		.uleb128 0x5
 150 008c B2000000 		.4byte	.LASF13
 151 0090 02       		.byte	0x2
 152 0091 7E01     		.2byte	0x17e
 153 0093 97000000 		.4byte	0x97
 154 0097 06       		.uleb128 0x6
 155 0098 04       		.byte	0x4
 156 0099 9D000000 		.4byte	0x9d
 157 009d 07       		.uleb128 0x7
 158 009e 02       		.uleb128 0x2
 159 009f 04       		.byte	0x4
 160 00a0 07       		.byte	0x7
 161 00a1 E3010000 		.4byte	.LASF14
 162 00a5 08       		.uleb128 0x8
 163 00a6 36000000 		.4byte	.LASF23
 164 00aa 01       		.byte	0x1
 165 00ab 15       		.byte	0x15
 166 00ac 5D000000 		.4byte	0x5d
 167 00b0 00000000 		.4byte	.LFB33
 168 00b4 2C000000 		.4byte	.LFE33-.LFB33
 169 00b8 01       		.uleb128 0x1
 170 00b9 9C       		.byte	0x9c
 171 00ba F5000000 		.4byte	0xf5
 172 00be 09       		.uleb128 0x9
 173 00bf 0A000000 		.4byte	.LVL0
 174 00c3 06010000 		.4byte	0x106
 175 00c7 09       		.uleb128 0x9
 176 00c8 0E000000 		.4byte	.LVL1
 177 00cc 17010000 		.4byte	0x117
 178 00d0 09       		.uleb128 0x9
 179 00d1 12000000 		.4byte	.LVL2
 180 00d5 1E010000 		.4byte	0x11e
 181 00d9 09       		.uleb128 0x9
 182 00da 18000000 		.4byte	.LVL3
 183 00de 25010000 		.4byte	0x125
 184 00e2 09       		.uleb128 0x9
 185 00e3 1C000000 		.4byte	.LVL4
 186 00e7 36010000 		.4byte	0x136
 187 00eb 09       		.uleb128 0x9
 188 00ec 20000000 		.4byte	.LVL5
 189 00f0 3D010000 		.4byte	0x13d
 190 00f4 00       		.byte	0
 191 00f5 0A       		.uleb128 0xa
ARM GAS  C:\Users\LAIMON~1\AppData\Local\Temp\ccURmCwa.s 			page 5


 192 00f6 29000000 		.4byte	.LASF24
 193 00fa 07       		.byte	0x7
 194 00fb 11       		.byte	0x11
 195 00fc 6B000000 		.4byte	0x6b
 196 0100 05       		.uleb128 0x5
 197 0101 03       		.byte	0x3
 198 0102 00000000 		.4byte	indexnummer1
 199 0106 0B       		.uleb128 0xb
 200 0107 5E000000 		.4byte	.LASF17
 201 010b 04       		.byte	0x4
 202 010c 18       		.byte	0x18
 203 010d 17010000 		.4byte	0x117
 204 0111 0C       		.uleb128 0xc
 205 0112 8B000000 		.4byte	0x8b
 206 0116 00       		.byte	0
 207 0117 0D       		.uleb128 0xd
 208 0118 D0000000 		.4byte	.LASF15
 209 011c 03       		.byte	0x3
 210 011d 98       		.byte	0x98
 211 011e 0D       		.uleb128 0xd
 212 011f 0E000000 		.4byte	.LASF16
 213 0123 03       		.byte	0x3
 214 0124 9C       		.byte	0x9c
 215 0125 0B       		.uleb128 0xb
 216 0126 3B000000 		.4byte	.LASF18
 217 012a 05       		.byte	0x5
 218 012b 18       		.byte	0x18
 219 012c 36010000 		.4byte	0x136
 220 0130 0C       		.uleb128 0xc
 221 0131 8B000000 		.4byte	0x8b
 222 0135 00       		.byte	0
 223 0136 0D       		.uleb128 0xd
 224 0137 8B000000 		.4byte	.LASF19
 225 013b 06       		.byte	0x6
 226 013c 54       		.byte	0x54
 227 013d 0E       		.uleb128 0xe
 228 013e 72756E00 		.ascii	"run\000"
 229 0142 08       		.byte	0x8
 230 0143 16       		.byte	0x16
 231 0144 0F       		.uleb128 0xf
 232 0145 00       		.byte	0
 233 0146 00       		.byte	0
 234              		.section	.debug_abbrev,"",%progbits
 235              	.Ldebug_abbrev0:
 236 0000 01       		.uleb128 0x1
 237 0001 11       		.uleb128 0x11
 238 0002 01       		.byte	0x1
 239 0003 25       		.uleb128 0x25
 240 0004 0E       		.uleb128 0xe
 241 0005 13       		.uleb128 0x13
 242 0006 0B       		.uleb128 0xb
 243 0007 03       		.uleb128 0x3
 244 0008 0E       		.uleb128 0xe
 245 0009 1B       		.uleb128 0x1b
 246 000a 0E       		.uleb128 0xe
 247 000b 55       		.uleb128 0x55
 248 000c 17       		.uleb128 0x17
ARM GAS  C:\Users\LAIMON~1\AppData\Local\Temp\ccURmCwa.s 			page 6


 249 000d 11       		.uleb128 0x11
 250 000e 01       		.uleb128 0x1
 251 000f 10       		.uleb128 0x10
 252 0010 17       		.uleb128 0x17
 253 0011 00       		.byte	0
 254 0012 00       		.byte	0
 255 0013 02       		.uleb128 0x2
 256 0014 24       		.uleb128 0x24
 257 0015 00       		.byte	0
 258 0016 0B       		.uleb128 0xb
 259 0017 0B       		.uleb128 0xb
 260 0018 3E       		.uleb128 0x3e
 261 0019 0B       		.uleb128 0xb
 262 001a 03       		.uleb128 0x3
 263 001b 0E       		.uleb128 0xe
 264 001c 00       		.byte	0
 265 001d 00       		.byte	0
 266 001e 03       		.uleb128 0x3
 267 001f 24       		.uleb128 0x24
 268 0020 00       		.byte	0
 269 0021 0B       		.uleb128 0xb
 270 0022 0B       		.uleb128 0xb
 271 0023 3E       		.uleb128 0x3e
 272 0024 0B       		.uleb128 0xb
 273 0025 03       		.uleb128 0x3
 274 0026 08       		.uleb128 0x8
 275 0027 00       		.byte	0
 276 0028 00       		.byte	0
 277 0029 04       		.uleb128 0x4
 278 002a 16       		.uleb128 0x16
 279 002b 00       		.byte	0
 280 002c 03       		.uleb128 0x3
 281 002d 0E       		.uleb128 0xe
 282 002e 3A       		.uleb128 0x3a
 283 002f 0B       		.uleb128 0xb
 284 0030 3B       		.uleb128 0x3b
 285 0031 0B       		.uleb128 0xb
 286 0032 49       		.uleb128 0x49
 287 0033 13       		.uleb128 0x13
 288 0034 00       		.byte	0
 289 0035 00       		.byte	0
 290 0036 05       		.uleb128 0x5
 291 0037 16       		.uleb128 0x16
 292 0038 00       		.byte	0
 293 0039 03       		.uleb128 0x3
 294 003a 0E       		.uleb128 0xe
 295 003b 3A       		.uleb128 0x3a
 296 003c 0B       		.uleb128 0xb
 297 003d 3B       		.uleb128 0x3b
 298 003e 05       		.uleb128 0x5
 299 003f 49       		.uleb128 0x49
 300 0040 13       		.uleb128 0x13
 301 0041 00       		.byte	0
 302 0042 00       		.byte	0
 303 0043 06       		.uleb128 0x6
 304 0044 0F       		.uleb128 0xf
 305 0045 00       		.byte	0
ARM GAS  C:\Users\LAIMON~1\AppData\Local\Temp\ccURmCwa.s 			page 7


 306 0046 0B       		.uleb128 0xb
 307 0047 0B       		.uleb128 0xb
 308 0048 49       		.uleb128 0x49
 309 0049 13       		.uleb128 0x13
 310 004a 00       		.byte	0
 311 004b 00       		.byte	0
 312 004c 07       		.uleb128 0x7
 313 004d 15       		.uleb128 0x15
 314 004e 00       		.byte	0
 315 004f 27       		.uleb128 0x27
 316 0050 19       		.uleb128 0x19
 317 0051 00       		.byte	0
 318 0052 00       		.byte	0
 319 0053 08       		.uleb128 0x8
 320 0054 2E       		.uleb128 0x2e
 321 0055 01       		.byte	0x1
 322 0056 3F       		.uleb128 0x3f
 323 0057 19       		.uleb128 0x19
 324 0058 03       		.uleb128 0x3
 325 0059 0E       		.uleb128 0xe
 326 005a 3A       		.uleb128 0x3a
 327 005b 0B       		.uleb128 0xb
 328 005c 3B       		.uleb128 0x3b
 329 005d 0B       		.uleb128 0xb
 330 005e 49       		.uleb128 0x49
 331 005f 13       		.uleb128 0x13
 332 0060 11       		.uleb128 0x11
 333 0061 01       		.uleb128 0x1
 334 0062 12       		.uleb128 0x12
 335 0063 06       		.uleb128 0x6
 336 0064 40       		.uleb128 0x40
 337 0065 18       		.uleb128 0x18
 338 0066 9742     		.uleb128 0x2117
 339 0068 19       		.uleb128 0x19
 340 0069 01       		.uleb128 0x1
 341 006a 13       		.uleb128 0x13
 342 006b 00       		.byte	0
 343 006c 00       		.byte	0
 344 006d 09       		.uleb128 0x9
 345 006e 898201   		.uleb128 0x4109
 346 0071 00       		.byte	0
 347 0072 11       		.uleb128 0x11
 348 0073 01       		.uleb128 0x1
 349 0074 31       		.uleb128 0x31
 350 0075 13       		.uleb128 0x13
 351 0076 00       		.byte	0
 352 0077 00       		.byte	0
 353 0078 0A       		.uleb128 0xa
 354 0079 34       		.uleb128 0x34
 355 007a 00       		.byte	0
 356 007b 03       		.uleb128 0x3
 357 007c 0E       		.uleb128 0xe
 358 007d 3A       		.uleb128 0x3a
 359 007e 0B       		.uleb128 0xb
 360 007f 3B       		.uleb128 0x3b
 361 0080 0B       		.uleb128 0xb
 362 0081 49       		.uleb128 0x49
ARM GAS  C:\Users\LAIMON~1\AppData\Local\Temp\ccURmCwa.s 			page 8


 363 0082 13       		.uleb128 0x13
 364 0083 3F       		.uleb128 0x3f
 365 0084 19       		.uleb128 0x19
 366 0085 02       		.uleb128 0x2
 367 0086 18       		.uleb128 0x18
 368 0087 00       		.byte	0
 369 0088 00       		.byte	0
 370 0089 0B       		.uleb128 0xb
 371 008a 2E       		.uleb128 0x2e
 372 008b 01       		.byte	0x1
 373 008c 3F       		.uleb128 0x3f
 374 008d 19       		.uleb128 0x19
 375 008e 03       		.uleb128 0x3
 376 008f 0E       		.uleb128 0xe
 377 0090 3A       		.uleb128 0x3a
 378 0091 0B       		.uleb128 0xb
 379 0092 3B       		.uleb128 0x3b
 380 0093 0B       		.uleb128 0xb
 381 0094 27       		.uleb128 0x27
 382 0095 19       		.uleb128 0x19
 383 0096 3C       		.uleb128 0x3c
 384 0097 19       		.uleb128 0x19
 385 0098 01       		.uleb128 0x1
 386 0099 13       		.uleb128 0x13
 387 009a 00       		.byte	0
 388 009b 00       		.byte	0
 389 009c 0C       		.uleb128 0xc
 390 009d 05       		.uleb128 0x5
 391 009e 00       		.byte	0
 392 009f 49       		.uleb128 0x49
 393 00a0 13       		.uleb128 0x13
 394 00a1 00       		.byte	0
 395 00a2 00       		.byte	0
 396 00a3 0D       		.uleb128 0xd
 397 00a4 2E       		.uleb128 0x2e
 398 00a5 00       		.byte	0
 399 00a6 3F       		.uleb128 0x3f
 400 00a7 19       		.uleb128 0x19
 401 00a8 03       		.uleb128 0x3
 402 00a9 0E       		.uleb128 0xe
 403 00aa 3A       		.uleb128 0x3a
 404 00ab 0B       		.uleb128 0xb
 405 00ac 3B       		.uleb128 0x3b
 406 00ad 0B       		.uleb128 0xb
 407 00ae 27       		.uleb128 0x27
 408 00af 19       		.uleb128 0x19
 409 00b0 3C       		.uleb128 0x3c
 410 00b1 19       		.uleb128 0x19
 411 00b2 00       		.byte	0
 412 00b3 00       		.byte	0
 413 00b4 0E       		.uleb128 0xe
 414 00b5 2E       		.uleb128 0x2e
 415 00b6 01       		.byte	0x1
 416 00b7 3F       		.uleb128 0x3f
 417 00b8 19       		.uleb128 0x19
 418 00b9 03       		.uleb128 0x3
 419 00ba 08       		.uleb128 0x8
ARM GAS  C:\Users\LAIMON~1\AppData\Local\Temp\ccURmCwa.s 			page 9


 420 00bb 3A       		.uleb128 0x3a
 421 00bc 0B       		.uleb128 0xb
 422 00bd 3B       		.uleb128 0x3b
 423 00be 0B       		.uleb128 0xb
 424 00bf 3C       		.uleb128 0x3c
 425 00c0 19       		.uleb128 0x19
 426 00c1 00       		.byte	0
 427 00c2 00       		.byte	0
 428 00c3 0F       		.uleb128 0xf
 429 00c4 18       		.uleb128 0x18
 430 00c5 00       		.byte	0
 431 00c6 00       		.byte	0
 432 00c7 00       		.byte	0
 433 00c8 00       		.byte	0
 434              		.section	.debug_aranges,"",%progbits
 435 0000 1C000000 		.4byte	0x1c
 436 0004 0200     		.2byte	0x2
 437 0006 00000000 		.4byte	.Ldebug_info0
 438 000a 04       		.byte	0x4
 439 000b 00       		.byte	0
 440 000c 0000     		.2byte	0
 441 000e 0000     		.2byte	0
 442 0010 00000000 		.4byte	.LFB33
 443 0014 2C000000 		.4byte	.LFE33-.LFB33
 444 0018 00000000 		.4byte	0
 445 001c 00000000 		.4byte	0
 446              		.section	.debug_ranges,"",%progbits
 447              	.Ldebug_ranges0:
 448 0000 00000000 		.4byte	.LFB33
 449 0004 2C000000 		.4byte	.LFE33
 450 0008 00000000 		.4byte	0
 451 000c 00000000 		.4byte	0
 452              		.section	.debug_line,"",%progbits
 453              	.Ldebug_line0:
 454 0000 C1000000 		.section	.debug_str,"MS",%progbits,1
 454      02009C00 
 454      00000201 
 454      FB0E0D00 
 454      01010101 
 455              	.LASF6:
 456 0000 6C6F6E67 		.ascii	"long long int\000"
 456      206C6F6E 
 456      6720696E 
 456      7400
 457              	.LASF16:
 458 000e 4144435F 		.ascii	"ADC_SAR_Seq_1_StartConvert\000"
 458      5341525F 
 458      5365715F 
 458      315F5374 
 458      61727443 
 459              	.LASF24:
 460 0029 696E6465 		.ascii	"indexnummer1\000"
 460      786E756D 
 460      6D657231 
 460      00
 461              	.LASF23:
 462 0036 6D61696E 		.ascii	"main\000"
ARM GAS  C:\Users\LAIMON~1\AppData\Local\Temp\ccURmCwa.s 			page 10


 462      00
 463              	.LASF18:
 464 003b 6973725F 		.ascii	"isr_UART_StartEx\000"
 464      55415254 
 464      5F537461 
 464      72744578 
 464      00
 465              	.LASF5:
 466 004c 6C6F6E67 		.ascii	"long unsigned int\000"
 466      20756E73 
 466      69676E65 
 466      6420696E 
 466      7400
 467              	.LASF17:
 468 005e 6973725F 		.ascii	"isr_EOC_StartEx\000"
 468      454F435F 
 468      53746172 
 468      74457800 
 469              	.LASF7:
 470 006e 6C6F6E67 		.ascii	"long long unsigned int\000"
 470      206C6F6E 
 470      6720756E 
 470      7369676E 
 470      65642069 
 471              	.LASF9:
 472 0085 666C6F61 		.ascii	"float\000"
 472      7400
 473              	.LASF19:
 474 008b 55415254 		.ascii	"UART_Start\000"
 474      5F537461 
 474      727400
 475              	.LASF1:
 476 0096 756E7369 		.ascii	"unsigned char\000"
 476      676E6564 
 476      20636861 
 476      7200
 477              	.LASF11:
 478 00a4 63686172 		.ascii	"char\000"
 478      00
 479              	.LASF4:
 480 00a9 6C6F6E67 		.ascii	"long int\000"
 480      20696E74 
 480      00
 481              	.LASF13:
 482 00b2 63796973 		.ascii	"cyisraddress\000"
 482      72616464 
 482      72657373 
 482      00
 483              	.LASF2:
 484 00bf 73686F72 		.ascii	"short int\000"
 484      7420696E 
 484      7400
 485              	.LASF10:
 486 00c9 646F7562 		.ascii	"double\000"
 486      6C6500
 487              	.LASF15:
 488 00d0 4144435F 		.ascii	"ADC_SAR_Seq_1_Start\000"
ARM GAS  C:\Users\LAIMON~1\AppData\Local\Temp\ccURmCwa.s 			page 11


 488      5341525F 
 488      5365715F 
 488      315F5374 
 488      61727400 
 489              	.LASF3:
 490 00e4 73686F72 		.ascii	"short unsigned int\000"
 490      7420756E 
 490      7369676E 
 490      65642069 
 490      6E7400
 491              	.LASF0:
 492 00f7 7369676E 		.ascii	"signed char\000"
 492      65642063 
 492      68617200 
 493              	.LASF22:
 494 0103 433A5C55 		.ascii	"C:\\Users\\LaimonasIgnas\\Desktop\\Plant_control2_0"
 494      73657273 
 494      5C4C6169 
 494      6D6F6E61 
 494      7349676E 
 495 0132 2E637964 		.ascii	".cydsn\000"
 495      736E00
 496              	.LASF20:
 497 0139 474E5520 		.ascii	"GNU C 4.9.3 20150303 (release) [ARM/embedded-4_9-br"
 497      4320342E 
 497      392E3320 
 497      32303135 
 497      30333033 
 498 016c 616E6368 		.ascii	"anch revision 221220] -mcpu=cortex-m0 -mthumb -g -O"
 498      20726576 
 498      6973696F 
 498      6E203232 
 498      31323230 
 499 019f 67202D66 		.ascii	"g -ffunction-sections -ffat-lto-objects\000"
 499      66756E63 
 499      74696F6E 
 499      2D736563 
 499      74696F6E 
 500              	.LASF12:
 501 01c7 696E7431 		.ascii	"int16\000"
 501      3600
 502              	.LASF21:
 503 01cd 2E5C6D61 		.ascii	".\\main.c\000"
 503      696E2E63 
 503      00
 504              	.LASF8:
 505 01d6 756E7369 		.ascii	"unsigned int\000"
 505      676E6564 
 505      20696E74 
 505      00
 506              	.LASF14:
 507 01e3 73697A65 		.ascii	"sizetype\000"
 507      74797065 
 507      00
 508              		.ident	"GCC: (GNU Tools for ARM Embedded Processors) 4.9.3 20150303 (release) [ARM/embedded-4_9-br
