ARM GAS  C:\Users\LAIMON~1\AppData\Local\Temp\ccdrraCa.s 			page 1


   1              		.cpu cortex-m0
   2              		.fpu softvfp
   3              		.eabi_attribute 20, 1
   4              		.eabi_attribute 21, 1
   5              		.eabi_attribute 23, 3
   6              		.eabi_attribute 24, 1
   7              		.eabi_attribute 25, 1
   8              		.eabi_attribute 26, 1
   9              		.eabi_attribute 30, 1
  10              		.eabi_attribute 34, 0
  11              		.eabi_attribute 18, 4
  12              		.code	16
  13              		.file	"Plantcontrol.c"
  14              		.text
  15              	.Ltext0:
  16              		.cfi_sections	.debug_frame
  17              		.section	.text.run,"ax",%progbits
  18              		.align	2
  19              		.global	run
  20              		.code	16
  21              		.thumb_func
  22              		.type	run, %function
  23              	run:
  24              	.LFB33:
  25              		.file 1 ".\\Plantcontrol.c"
   1:.\Plantcontrol.c **** /* ========================================
   2:.\Plantcontrol.c ****  *
   3:.\Plantcontrol.c ****  * Copyright YOUR COMPANY, THE YEAR
   4:.\Plantcontrol.c ****  * All Rights Reserved
   5:.\Plantcontrol.c ****  * UNPUBLISHED, LICENSED SOFTWARE.
   6:.\Plantcontrol.c ****  *
   7:.\Plantcontrol.c ****  * CONFIDENTIAL AND PROPRIETARY INFORMATION
   8:.\Plantcontrol.c ****  * WHICH IS THE PROPERTY OF your company.
   9:.\Plantcontrol.c ****  *
  10:.\Plantcontrol.c ****  * ========================================
  11:.\Plantcontrol.c **** */
  12:.\Plantcontrol.c **** #include <Plantcontrol.h>
  13:.\Plantcontrol.c **** 
  14:.\Plantcontrol.c **** uint8 ID = 2;
  15:.\Plantcontrol.c **** int8 wantedMoisture = 0;
  16:.\Plantcontrol.c **** uint8 wantedRotate = 0;
  17:.\Plantcontrol.c **** 
  18:.\Plantcontrol.c **** void run()
  19:.\Plantcontrol.c **** {
  26              		.loc 1 19 0
  27              		.cfi_startproc
  28 0000 10B5     		push	{r4, lr}
  29              		.cfi_def_cfa_offset 8
  30              		.cfi_offset 4, -8
  31              		.cfi_offset 14, -4
  32 0002 84B0     		sub	sp, sp, #16
  33              		.cfi_def_cfa_offset 24
  20:.\Plantcontrol.c ****     ADC_SAR_Seq_1_Start();
  34              		.loc 1 20 0
  35 0004 FFF7FEFF 		bl	ADC_SAR_Seq_1_Start
  36              	.LVL0:
  21:.\Plantcontrol.c ****     ADC_SAR_Seq_1_StartConvert();
ARM GAS  C:\Users\LAIMON~1\AppData\Local\Temp\ccdrraCa.s 			page 2


  37              		.loc 1 21 0
  38 0008 FFF7FEFF 		bl	ADC_SAR_Seq_1_StartConvert
  39              	.LVL1:
  22:.\Plantcontrol.c **** 
  23:.\Plantcontrol.c ****     initPSoCWiFi(SSID,PASS,DevKitIP);
  40              		.loc 1 23 0
  41 000c 1548     		ldr	r0, .L4
  42 000e 1649     		ldr	r1, .L4+4
  43 0010 164A     		ldr	r2, .L4+8
  44 0012 FFF7FEFF 		bl	initPSoCWiFi
  45              	.LVL2:
  46              	.L3:
  47              	.LBB2:
  24:.\Plantcontrol.c ****     for(;;)
  25:.\Plantcontrol.c ****     {
  26:.\Plantcontrol.c ****         struct updateParameters values = getValues();     
  48              		.loc 1 26 0
  49 0016 01AC     		add	r4, sp, #4
  50 0018 201C     		mov	r0, r4
  51 001a FFF7FEFF 		bl	getValues
  52              	.LVL3:
  27:.\Plantcontrol.c **** 
  28:.\Plantcontrol.c ****         struct responses res = sendSensorData(values);
  53              		.loc 1 28 0
  54 001e 0198     		ldr	r0, [sp, #4]
  55 0020 6168     		ldr	r1, [r4, #4]
  56 0022 A268     		ldr	r2, [r4, #8]
  57 0024 FFF7FEFF 		bl	sendSensorData
  58              	.LVL4:
  59 0028 0304     		lsl	r3, r0, #16
  29:.\Plantcontrol.c **** 
  30:.\Plantcontrol.c ****         ID = res.ID;
  60              		.loc 1 30 0
  61 002a 114A     		ldr	r2, .L4+12
  62 002c 1070     		strb	r0, [r2]
  31:.\Plantcontrol.c ****         wantedMoisture = res.moisture;
  63              		.loc 1 31 0
  64 002e 1B0E     		lsr	r3, r3, #24
  65 0030 104A     		ldr	r2, .L4+16
  66 0032 1370     		strb	r3, [r2]
  32:.\Plantcontrol.c ****         wantedRotate = res.rotate;
  67              		.loc 1 32 0
  68 0034 000C     		lsr	r0, r0, #16
  69 0036 5070     		strb	r0, [r2, #1]
  33:.\Plantcontrol.c ****         
  34:.\Plantcontrol.c ****         if(wantedMoisture >= values.currentMoisture)
  70              		.loc 1 34 0
  71 0038 5BB2     		sxtb	r3, r3
  72 003a 0021     		mov	r1, #0
  73 003c 625E     		ldrsh	r2, [r4, r1]
  74 003e 9342     		cmp	r3, r2
  75 0040 07DB     		blt	.L2
  35:.\Plantcontrol.c ****         {
  36:.\Plantcontrol.c ****             start();
  76              		.loc 1 36 0
  77 0042 FFF7FEFF 		bl	start
  78              	.LVL5:
ARM GAS  C:\Users\LAIMON~1\AppData\Local\Temp\ccdrraCa.s 			page 3


  37:.\Plantcontrol.c ****             CyDelay(1000);
  79              		.loc 1 37 0
  80 0046 FA20     		mov	r0, #250
  81 0048 8000     		lsl	r0, r0, #2
  82 004a FFF7FEFF 		bl	CyDelay
  83              	.LVL6:
  38:.\Plantcontrol.c ****             stop();
  84              		.loc 1 38 0
  85 004e FFF7FEFF 		bl	stop
  86              	.LVL7:
  87              	.L2:
  39:.\Plantcontrol.c ****         }
  40:.\Plantcontrol.c ****         
  41:.\Plantcontrol.c ****         rotate(wantedRotate);
  88              		.loc 1 41 0
  89 0052 084B     		ldr	r3, .L4+16
  90 0054 5878     		ldrb	r0, [r3, #1]
  91 0056 FFF7FEFF 		bl	rotate
  92              	.LVL8:
  42:.\Plantcontrol.c ****         
  43:.\Plantcontrol.c ****         CyDelay(20000);
  93              		.loc 1 43 0
  94 005a 0748     		ldr	r0, .L4+20
  95 005c FFF7FEFF 		bl	CyDelay
  96              	.LVL9:
  97              	.LBE2:
  44:.\Plantcontrol.c ****     }
  98              		.loc 1 44 0
  99 0060 D9E7     		b	.L3
 100              	.L5:
 101 0062 C046     		.align	2
 102              	.L4:
 103 0064 00000000 		.word	.LC0
 104 0068 0C000000 		.word	.LC2
 105 006c 18000000 		.word	.LC4
 106 0070 00000000 		.word	.LANCHOR0
 107 0074 00000000 		.word	.LANCHOR1
 108 0078 204E0000 		.word	20000
 109              		.cfi_endproc
 110              	.LFE33:
 111              		.size	run, .-run
 112              		.section	.text.getID,"ax",%progbits
 113              		.align	2
 114              		.global	getID
 115              		.code	16
 116              		.thumb_func
 117              		.type	getID, %function
 118              	getID:
 119              	.LFB34:
  45:.\Plantcontrol.c **** }
  46:.\Plantcontrol.c **** 
  47:.\Plantcontrol.c **** int8 getID()
  48:.\Plantcontrol.c **** {
 120              		.loc 1 48 0
 121              		.cfi_startproc
  49:.\Plantcontrol.c ****     return ID;
 122              		.loc 1 49 0
ARM GAS  C:\Users\LAIMON~1\AppData\Local\Temp\ccdrraCa.s 			page 4


 123 0000 014B     		ldr	r3, .L7
 124 0002 0020     		mov	r0, #0
 125 0004 1856     		ldrsb	r0, [r3, r0]
  50:.\Plantcontrol.c **** }
 126              		.loc 1 50 0
 127              		@ sp needed
 128 0006 7047     		bx	lr
 129              	.L8:
 130              		.align	2
 131              	.L7:
 132 0008 00000000 		.word	.LANCHOR0
 133              		.cfi_endproc
 134              	.LFE34:
 135              		.size	getID, .-getID
 136              		.global	wantedRotate
 137              		.global	wantedMoisture
 138              		.global	ID
 139              		.comm	indexnummer1,2,2
 140              		.data
 141              		.set	.LANCHOR0,. + 0
 142              		.type	ID, %object
 143              		.size	ID, 1
 144              	ID:
 145 0000 02       		.byte	2
 146              		.section	.rodata.str1.4,"aMS",%progbits,1
 147              		.align	2
 148              	.LC0:
 149 0000 4C656D6F 		.ascii	"Lemonade\000"
 149      6E616465 
 149      00
 150 0009 000000   		.space	3
 151              	.LC2:
 152 000c 45535069 		.ascii	"ESPisBEST\000"
 152      73424553 
 152      5400
 153 0016 0000     		.space	2
 154              	.LC4:
 155 0018 3139322E 		.ascii	"192.168.43.49\000"
 155      3136382E 
 155      34332E34 
 155      3900
 156 0026 0000     		.bss
 157              		.set	.LANCHOR1,. + 0
 158              		.type	wantedMoisture, %object
 159              		.size	wantedMoisture, 1
 160              	wantedMoisture:
 161 0000 00       		.space	1
 162              		.type	wantedRotate, %object
 163              		.size	wantedRotate, 1
 164              	wantedRotate:
 165 0001 00       		.space	1
 166              		.text
 167              	.Letext0:
 168              		.file 2 "Generated_Source\\PSoC4/cytypes.h"
 169              		.file 3 "./sensors.h"
 170              		.file 4 "./wifi.h"
 171              		.file 5 "./motor.h"
ARM GAS  C:\Users\LAIMON~1\AppData\Local\Temp\ccdrraCa.s 			page 5


 172              		.file 6 "Generated_Source\\PSoC4/CyLib.h"
 173              		.file 7 "./pump.h"
 174              		.file 8 "Generated_Source\\PSoC4/ADC_SAR_Seq_1.h"
 175              		.section	.debug_info,"",%progbits
 176              	.Ldebug_info0:
 177 0000 E3020000 		.4byte	0x2e3
 178 0004 0400     		.2byte	0x4
 179 0006 00000000 		.4byte	.Ldebug_abbrev0
 180 000a 04       		.byte	0x4
 181 000b 01       		.uleb128 0x1
 182 000c 86010000 		.4byte	.LASF37
 183 0010 01       		.byte	0x1
 184 0011 69020000 		.4byte	.LASF38
 185 0015 3E010000 		.4byte	.LASF39
 186 0019 00000000 		.4byte	.Ldebug_ranges0+0
 187 001d 00000000 		.4byte	0
 188 0021 00000000 		.4byte	.Ldebug_line0
 189 0025 02       		.uleb128 0x2
 190 0026 01       		.byte	0x1
 191 0027 06       		.byte	0x6
 192 0028 96020000 		.4byte	.LASF0
 193 002c 02       		.uleb128 0x2
 194 002d 01       		.byte	0x1
 195 002e 08       		.byte	0x8
 196 002f 50000000 		.4byte	.LASF1
 197 0033 02       		.uleb128 0x2
 198 0034 02       		.byte	0x2
 199 0035 05       		.byte	0x5
 200 0036 CC000000 		.4byte	.LASF2
 201 003a 02       		.uleb128 0x2
 202 003b 02       		.byte	0x2
 203 003c 07       		.byte	0x7
 204 003d 2D000000 		.4byte	.LASF3
 205 0041 02       		.uleb128 0x2
 206 0042 04       		.byte	0x4
 207 0043 05       		.byte	0x5
 208 0044 24000000 		.4byte	.LASF4
 209 0048 02       		.uleb128 0x2
 210 0049 04       		.byte	0x4
 211 004a 07       		.byte	0x7
 212 004b 64000000 		.4byte	.LASF5
 213 004f 02       		.uleb128 0x2
 214 0050 08       		.byte	0x8
 215 0051 05       		.byte	0x5
 216 0052 14020000 		.4byte	.LASF6
 217 0056 02       		.uleb128 0x2
 218 0057 08       		.byte	0x8
 219 0058 07       		.byte	0x7
 220 0059 1A010000 		.4byte	.LASF7
 221 005d 03       		.uleb128 0x3
 222 005e 04       		.byte	0x4
 223 005f 05       		.byte	0x5
 224 0060 696E7400 		.ascii	"int\000"
 225 0064 02       		.uleb128 0x2
 226 0065 04       		.byte	0x4
 227 0066 07       		.byte	0x7
 228 0067 F2000000 		.4byte	.LASF8
ARM GAS  C:\Users\LAIMON~1\AppData\Local\Temp\ccdrraCa.s 			page 6


 229 006b 04       		.uleb128 0x4
 230 006c 83000000 		.4byte	.LASF9
 231 0070 02       		.byte	0x2
 232 0071 C2       		.byte	0xc2
 233 0072 2C000000 		.4byte	0x2c
 234 0076 04       		.uleb128 0x4
 235 0077 EB000000 		.4byte	.LASF10
 236 007b 02       		.byte	0x2
 237 007c C4       		.byte	0xc4
 238 007d 48000000 		.4byte	0x48
 239 0081 04       		.uleb128 0x4
 240 0082 D6000000 		.4byte	.LASF11
 241 0086 02       		.byte	0x2
 242 0087 C5       		.byte	0xc5
 243 0088 25000000 		.4byte	0x25
 244 008c 04       		.uleb128 0x4
 245 008d 5E000000 		.4byte	.LASF12
 246 0091 02       		.byte	0x2
 247 0092 C6       		.byte	0xc6
 248 0093 33000000 		.4byte	0x33
 249 0097 02       		.uleb128 0x2
 250 0098 04       		.byte	0x4
 251 0099 04       		.byte	0x4
 252 009a 40000000 		.4byte	.LASF13
 253 009e 02       		.uleb128 0x2
 254 009f 08       		.byte	0x8
 255 00a0 04       		.byte	0x4
 256 00a1 A9000000 		.4byte	.LASF14
 257 00a5 02       		.uleb128 0x2
 258 00a6 01       		.byte	0x1
 259 00a7 08       		.byte	0x8
 260 00a8 22020000 		.4byte	.LASF15
 261 00ac 02       		.uleb128 0x2
 262 00ad 04       		.byte	0x4
 263 00ae 07       		.byte	0x7
 264 00af 7D010000 		.4byte	.LASF16
 265 00b3 05       		.uleb128 0x5
 266 00b4 04       		.byte	0x4
 267 00b5 A5000000 		.4byte	0xa5
 268 00b9 06       		.uleb128 0x6
 269 00ba 58020000 		.4byte	.LASF22
 270 00be 0A       		.byte	0xa
 271 00bf 03       		.byte	0x3
 272 00c0 10       		.byte	0x10
 273 00c1 02010000 		.4byte	0x102
 274 00c5 07       		.uleb128 0x7
 275 00c6 DB000000 		.4byte	.LASF17
 276 00ca 03       		.byte	0x3
 277 00cb 12       		.byte	0x12
 278 00cc 8C000000 		.4byte	0x8c
 279 00d0 00       		.byte	0
 280 00d1 07       		.uleb128 0x7
 281 00d2 06000000 		.4byte	.LASF18
 282 00d6 03       		.byte	0x3
 283 00d7 13       		.byte	0x13
 284 00d8 8C000000 		.4byte	0x8c
 285 00dc 02       		.byte	0x2
ARM GAS  C:\Users\LAIMON~1\AppData\Local\Temp\ccdrraCa.s 			page 7


 286 00dd 07       		.uleb128 0x7
 287 00de 41020000 		.4byte	.LASF19
 288 00e2 03       		.byte	0x3
 289 00e3 14       		.byte	0x14
 290 00e4 8C000000 		.4byte	0x8c
 291 00e8 04       		.byte	0x4
 292 00e9 07       		.uleb128 0x7
 293 00ea 7A020000 		.4byte	.LASF20
 294 00ee 03       		.byte	0x3
 295 00ef 15       		.byte	0x15
 296 00f0 8C000000 		.4byte	0x8c
 297 00f4 06       		.byte	0x6
 298 00f5 07       		.uleb128 0x7
 299 00f6 2E020000 		.4byte	.LASF21
 300 00fa 03       		.byte	0x3
 301 00fb 16       		.byte	0x16
 302 00fc 8C000000 		.4byte	0x8c
 303 0100 08       		.byte	0x8
 304 0101 00       		.byte	0
 305 0102 06       		.uleb128 0x6
 306 0103 4E020000 		.4byte	.LASF23
 307 0107 03       		.byte	0x3
 308 0108 04       		.byte	0x4
 309 0109 19       		.byte	0x19
 310 010a 32010000 		.4byte	0x132
 311 010e 08       		.uleb128 0x8
 312 010f 494400   		.ascii	"ID\000"
 313 0112 04       		.byte	0x4
 314 0113 1B       		.byte	0x1b
 315 0114 6B000000 		.4byte	0x6b
 316 0118 00       		.byte	0
 317 0119 07       		.uleb128 0x7
 318 011a 1B000000 		.4byte	.LASF24
 319 011e 04       		.byte	0x4
 320 011f 1C       		.byte	0x1c
 321 0120 6B000000 		.4byte	0x6b
 322 0124 01       		.byte	0x1
 323 0125 07       		.uleb128 0x7
 324 0126 A2000000 		.4byte	.LASF25
 325 012a 04       		.byte	0x4
 326 012b 1D       		.byte	0x1d
 327 012c 6B000000 		.4byte	0x6b
 328 0130 02       		.byte	0x2
 329 0131 00       		.byte	0
 330 0132 09       		.uleb128 0x9
 331 0133 72756E00 		.ascii	"run\000"
 332 0137 01       		.byte	0x1
 333 0138 12       		.byte	0x12
 334 0139 00000000 		.4byte	.LFB33
 335 013d 7C000000 		.4byte	.LFE33-.LFB33
 336 0141 01       		.uleb128 0x1
 337 0142 9C       		.byte	0x9c
 338 0143 07020000 		.4byte	0x207
 339 0147 0A       		.uleb128 0xa
 340 0148 16000000 		.4byte	.LBB2
 341 014c 4A000000 		.4byte	.LBE2-.LBB2
 342 0150 CF010000 		.4byte	0x1cf
ARM GAS  C:\Users\LAIMON~1\AppData\Local\Temp\ccdrraCa.s 			page 8


 343 0154 0B       		.uleb128 0xb
 344 0155 27020000 		.4byte	.LASF26
 345 0159 01       		.byte	0x1
 346 015a 1A       		.byte	0x1a
 347 015b B9000000 		.4byte	0xb9
 348 015f 02       		.uleb128 0x2
 349 0160 91       		.byte	0x91
 350 0161 6C       		.sleb128 -20
 351 0162 0C       		.uleb128 0xc
 352 0163 72657300 		.ascii	"res\000"
 353 0167 01       		.byte	0x1
 354 0168 1C       		.byte	0x1c
 355 0169 02010000 		.4byte	0x102
 356 016d 02       		.uleb128 0x2
 357 016e 91       		.byte	0x91
 358 016f 68       		.sleb128 -24
 359 0170 0D       		.uleb128 0xd
 360 0171 1E000000 		.4byte	.LVL3
 361 0175 5F020000 		.4byte	0x25f
 362 0179 84010000 		.4byte	0x184
 363 017d 0E       		.uleb128 0xe
 364 017e 01       		.uleb128 0x1
 365 017f 50       		.byte	0x50
 366 0180 02       		.uleb128 0x2
 367 0181 74       		.byte	0x74
 368 0182 00       		.sleb128 0
 369 0183 00       		.byte	0
 370 0184 0F       		.uleb128 0xf
 371 0185 28000000 		.4byte	.LVL4
 372 0189 70020000 		.4byte	0x270
 373 018d 0F       		.uleb128 0xf
 374 018e 46000000 		.4byte	.LVL5
 375 0192 85020000 		.4byte	0x285
 376 0196 0D       		.uleb128 0xd
 377 0197 4E000000 		.4byte	.LVL6
 378 019b 92020000 		.4byte	0x292
 379 019f AB010000 		.4byte	0x1ab
 380 01a3 0E       		.uleb128 0xe
 381 01a4 01       		.uleb128 0x1
 382 01a5 50       		.byte	0x50
 383 01a6 03       		.uleb128 0x3
 384 01a7 0A       		.byte	0xa
 385 01a8 E803     		.2byte	0x3e8
 386 01aa 00       		.byte	0
 387 01ab 0F       		.uleb128 0xf
 388 01ac 52000000 		.4byte	.LVL7
 389 01b0 A3020000 		.4byte	0x2a3
 390 01b4 0F       		.uleb128 0xf
 391 01b5 5A000000 		.4byte	.LVL8
 392 01b9 B0020000 		.4byte	0x2b0
 393 01bd 10       		.uleb128 0x10
 394 01be 60000000 		.4byte	.LVL9
 395 01c2 92020000 		.4byte	0x292
 396 01c6 0E       		.uleb128 0xe
 397 01c7 01       		.uleb128 0x1
 398 01c8 50       		.byte	0x50
 399 01c9 03       		.uleb128 0x3
ARM GAS  C:\Users\LAIMON~1\AppData\Local\Temp\ccdrraCa.s 			page 9


 400 01ca 0A       		.byte	0xa
 401 01cb 204E     		.2byte	0x4e20
 402 01cd 00       		.byte	0
 403 01ce 00       		.byte	0
 404 01cf 0F       		.uleb128 0xf
 405 01d0 08000000 		.4byte	.LVL0
 406 01d4 C1020000 		.4byte	0x2c1
 407 01d8 0F       		.uleb128 0xf
 408 01d9 0C000000 		.4byte	.LVL1
 409 01dd C8020000 		.4byte	0x2c8
 410 01e1 10       		.uleb128 0x10
 411 01e2 16000000 		.4byte	.LVL2
 412 01e6 CF020000 		.4byte	0x2cf
 413 01ea 0E       		.uleb128 0xe
 414 01eb 01       		.uleb128 0x1
 415 01ec 52       		.byte	0x52
 416 01ed 05       		.uleb128 0x5
 417 01ee 03       		.byte	0x3
 418 01ef 18000000 		.4byte	.LC4
 419 01f3 0E       		.uleb128 0xe
 420 01f4 01       		.uleb128 0x1
 421 01f5 51       		.byte	0x51
 422 01f6 05       		.uleb128 0x5
 423 01f7 03       		.byte	0x3
 424 01f8 0C000000 		.4byte	.LC2
 425 01fc 0E       		.uleb128 0xe
 426 01fd 01       		.uleb128 0x1
 427 01fe 50       		.byte	0x50
 428 01ff 05       		.uleb128 0x5
 429 0200 03       		.byte	0x3
 430 0201 00000000 		.4byte	.LC0
 431 0205 00       		.byte	0
 432 0206 00       		.byte	0
 433 0207 11       		.uleb128 0x11
 434 0208 15000000 		.4byte	.LASF40
 435 020c 01       		.byte	0x1
 436 020d 2F       		.byte	0x2f
 437 020e 81000000 		.4byte	0x81
 438 0212 00000000 		.4byte	.LFB34
 439 0216 0C000000 		.4byte	.LFE34-.LFB34
 440 021a 01       		.uleb128 0x1
 441 021b 9C       		.byte	0x9c
 442 021c 12       		.uleb128 0x12
 443 021d 76000000 		.4byte	.LASF27
 444 0221 05       		.byte	0x5
 445 0222 11       		.byte	0x11
 446 0223 8C000000 		.4byte	0x8c
 447 0227 05       		.uleb128 0x5
 448 0228 03       		.byte	0x3
 449 0229 00000000 		.4byte	indexnummer1
 450 022d 13       		.uleb128 0x13
 451 022e 494400   		.ascii	"ID\000"
 452 0231 01       		.byte	0x1
 453 0232 0E       		.byte	0xe
 454 0233 6B000000 		.4byte	0x6b
 455 0237 05       		.uleb128 0x5
 456 0238 03       		.byte	0x3
ARM GAS  C:\Users\LAIMON~1\AppData\Local\Temp\ccdrraCa.s 			page 10


 457 0239 00000000 		.4byte	ID
 458 023d 12       		.uleb128 0x12
 459 023e B0000000 		.4byte	.LASF28
 460 0242 01       		.byte	0x1
 461 0243 0F       		.byte	0xf
 462 0244 81000000 		.4byte	0x81
 463 0248 05       		.uleb128 0x5
 464 0249 03       		.byte	0x3
 465 024a 00000000 		.4byte	wantedMoisture
 466 024e 12       		.uleb128 0x12
 467 024f 31010000 		.4byte	.LASF29
 468 0253 01       		.byte	0x1
 469 0254 10       		.byte	0x10
 470 0255 6B000000 		.4byte	0x6b
 471 0259 05       		.uleb128 0x5
 472 025a 03       		.byte	0x3
 473 025b 00000000 		.4byte	wantedRotate
 474 025f 14       		.uleb128 0x14
 475 0260 46000000 		.4byte	.LASF30
 476 0264 03       		.byte	0x3
 477 0265 19       		.byte	0x19
 478 0266 B9000000 		.4byte	0xb9
 479 026a 70020000 		.4byte	0x270
 480 026e 15       		.uleb128 0x15
 481 026f 00       		.byte	0
 482 0270 16       		.uleb128 0x16
 483 0271 87020000 		.4byte	.LASF41
 484 0275 04       		.byte	0x4
 485 0276 22       		.byte	0x22
 486 0277 02010000 		.4byte	0x102
 487 027b 85020000 		.4byte	0x285
 488 027f 17       		.uleb128 0x17
 489 0280 B9000000 		.4byte	0xb9
 490 0284 00       		.byte	0
 491 0285 18       		.uleb128 0x18
 492 0286 00000000 		.4byte	.LASF32
 493 028a 07       		.byte	0x7
 494 028b 10       		.byte	0x10
 495 028c 92020000 		.4byte	0x292
 496 0290 15       		.uleb128 0x15
 497 0291 00       		.byte	0
 498 0292 19       		.uleb128 0x19
 499 0293 A2020000 		.4byte	.LASF31
 500 0297 06       		.byte	0x6
 501 0298 57       		.byte	0x57
 502 0299 A3020000 		.4byte	0x2a3
 503 029d 17       		.uleb128 0x17
 504 029e 76000000 		.4byte	0x76
 505 02a2 00       		.byte	0
 506 02a3 18       		.uleb128 0x18
 507 02a4 89000000 		.4byte	.LASF33
 508 02a8 07       		.byte	0x7
 509 02a9 11       		.byte	0x11
 510 02aa B0020000 		.4byte	0x2b0
 511 02ae 15       		.uleb128 0x15
 512 02af 00       		.byte	0
 513 02b0 19       		.uleb128 0x19
ARM GAS  C:\Users\LAIMON~1\AppData\Local\Temp\ccdrraCa.s 			page 11


 514 02b1 A2000000 		.4byte	.LASF25
 515 02b5 05       		.byte	0x5
 516 02b6 13       		.byte	0x13
 517 02b7 C1020000 		.4byte	0x2c1
 518 02bb 17       		.uleb128 0x17
 519 02bc 8C000000 		.4byte	0x8c
 520 02c0 00       		.byte	0
 521 02c1 1A       		.uleb128 0x1a
 522 02c2 8E000000 		.4byte	.LASF34
 523 02c6 08       		.byte	0x8
 524 02c7 98       		.byte	0x98
 525 02c8 1A       		.uleb128 0x1a
 526 02c9 FF000000 		.4byte	.LASF35
 527 02cd 08       		.byte	0x8
 528 02ce 9C       		.byte	0x9c
 529 02cf 1B       		.uleb128 0x1b
 530 02d0 BF000000 		.4byte	.LASF36
 531 02d4 04       		.byte	0x4
 532 02d5 21       		.byte	0x21
 533 02d6 17       		.uleb128 0x17
 534 02d7 B3000000 		.4byte	0xb3
 535 02db 17       		.uleb128 0x17
 536 02dc B3000000 		.4byte	0xb3
 537 02e0 17       		.uleb128 0x17
 538 02e1 B3000000 		.4byte	0xb3
 539 02e5 00       		.byte	0
 540 02e6 00       		.byte	0
 541              		.section	.debug_abbrev,"",%progbits
 542              	.Ldebug_abbrev0:
 543 0000 01       		.uleb128 0x1
 544 0001 11       		.uleb128 0x11
 545 0002 01       		.byte	0x1
 546 0003 25       		.uleb128 0x25
 547 0004 0E       		.uleb128 0xe
 548 0005 13       		.uleb128 0x13
 549 0006 0B       		.uleb128 0xb
 550 0007 03       		.uleb128 0x3
 551 0008 0E       		.uleb128 0xe
 552 0009 1B       		.uleb128 0x1b
 553 000a 0E       		.uleb128 0xe
 554 000b 55       		.uleb128 0x55
 555 000c 17       		.uleb128 0x17
 556 000d 11       		.uleb128 0x11
 557 000e 01       		.uleb128 0x1
 558 000f 10       		.uleb128 0x10
 559 0010 17       		.uleb128 0x17
 560 0011 00       		.byte	0
 561 0012 00       		.byte	0
 562 0013 02       		.uleb128 0x2
 563 0014 24       		.uleb128 0x24
 564 0015 00       		.byte	0
 565 0016 0B       		.uleb128 0xb
 566 0017 0B       		.uleb128 0xb
 567 0018 3E       		.uleb128 0x3e
 568 0019 0B       		.uleb128 0xb
 569 001a 03       		.uleb128 0x3
 570 001b 0E       		.uleb128 0xe
ARM GAS  C:\Users\LAIMON~1\AppData\Local\Temp\ccdrraCa.s 			page 12


 571 001c 00       		.byte	0
 572 001d 00       		.byte	0
 573 001e 03       		.uleb128 0x3
 574 001f 24       		.uleb128 0x24
 575 0020 00       		.byte	0
 576 0021 0B       		.uleb128 0xb
 577 0022 0B       		.uleb128 0xb
 578 0023 3E       		.uleb128 0x3e
 579 0024 0B       		.uleb128 0xb
 580 0025 03       		.uleb128 0x3
 581 0026 08       		.uleb128 0x8
 582 0027 00       		.byte	0
 583 0028 00       		.byte	0
 584 0029 04       		.uleb128 0x4
 585 002a 16       		.uleb128 0x16
 586 002b 00       		.byte	0
 587 002c 03       		.uleb128 0x3
 588 002d 0E       		.uleb128 0xe
 589 002e 3A       		.uleb128 0x3a
 590 002f 0B       		.uleb128 0xb
 591 0030 3B       		.uleb128 0x3b
 592 0031 0B       		.uleb128 0xb
 593 0032 49       		.uleb128 0x49
 594 0033 13       		.uleb128 0x13
 595 0034 00       		.byte	0
 596 0035 00       		.byte	0
 597 0036 05       		.uleb128 0x5
 598 0037 0F       		.uleb128 0xf
 599 0038 00       		.byte	0
 600 0039 0B       		.uleb128 0xb
 601 003a 0B       		.uleb128 0xb
 602 003b 49       		.uleb128 0x49
 603 003c 13       		.uleb128 0x13
 604 003d 00       		.byte	0
 605 003e 00       		.byte	0
 606 003f 06       		.uleb128 0x6
 607 0040 13       		.uleb128 0x13
 608 0041 01       		.byte	0x1
 609 0042 03       		.uleb128 0x3
 610 0043 0E       		.uleb128 0xe
 611 0044 0B       		.uleb128 0xb
 612 0045 0B       		.uleb128 0xb
 613 0046 3A       		.uleb128 0x3a
 614 0047 0B       		.uleb128 0xb
 615 0048 3B       		.uleb128 0x3b
 616 0049 0B       		.uleb128 0xb
 617 004a 01       		.uleb128 0x1
 618 004b 13       		.uleb128 0x13
 619 004c 00       		.byte	0
 620 004d 00       		.byte	0
 621 004e 07       		.uleb128 0x7
 622 004f 0D       		.uleb128 0xd
 623 0050 00       		.byte	0
 624 0051 03       		.uleb128 0x3
 625 0052 0E       		.uleb128 0xe
 626 0053 3A       		.uleb128 0x3a
 627 0054 0B       		.uleb128 0xb
ARM GAS  C:\Users\LAIMON~1\AppData\Local\Temp\ccdrraCa.s 			page 13


 628 0055 3B       		.uleb128 0x3b
 629 0056 0B       		.uleb128 0xb
 630 0057 49       		.uleb128 0x49
 631 0058 13       		.uleb128 0x13
 632 0059 38       		.uleb128 0x38
 633 005a 0B       		.uleb128 0xb
 634 005b 00       		.byte	0
 635 005c 00       		.byte	0
 636 005d 08       		.uleb128 0x8
 637 005e 0D       		.uleb128 0xd
 638 005f 00       		.byte	0
 639 0060 03       		.uleb128 0x3
 640 0061 08       		.uleb128 0x8
 641 0062 3A       		.uleb128 0x3a
 642 0063 0B       		.uleb128 0xb
 643 0064 3B       		.uleb128 0x3b
 644 0065 0B       		.uleb128 0xb
 645 0066 49       		.uleb128 0x49
 646 0067 13       		.uleb128 0x13
 647 0068 38       		.uleb128 0x38
 648 0069 0B       		.uleb128 0xb
 649 006a 00       		.byte	0
 650 006b 00       		.byte	0
 651 006c 09       		.uleb128 0x9
 652 006d 2E       		.uleb128 0x2e
 653 006e 01       		.byte	0x1
 654 006f 3F       		.uleb128 0x3f
 655 0070 19       		.uleb128 0x19
 656 0071 03       		.uleb128 0x3
 657 0072 08       		.uleb128 0x8
 658 0073 3A       		.uleb128 0x3a
 659 0074 0B       		.uleb128 0xb
 660 0075 3B       		.uleb128 0x3b
 661 0076 0B       		.uleb128 0xb
 662 0077 11       		.uleb128 0x11
 663 0078 01       		.uleb128 0x1
 664 0079 12       		.uleb128 0x12
 665 007a 06       		.uleb128 0x6
 666 007b 40       		.uleb128 0x40
 667 007c 18       		.uleb128 0x18
 668 007d 9742     		.uleb128 0x2117
 669 007f 19       		.uleb128 0x19
 670 0080 01       		.uleb128 0x1
 671 0081 13       		.uleb128 0x13
 672 0082 00       		.byte	0
 673 0083 00       		.byte	0
 674 0084 0A       		.uleb128 0xa
 675 0085 0B       		.uleb128 0xb
 676 0086 01       		.byte	0x1
 677 0087 11       		.uleb128 0x11
 678 0088 01       		.uleb128 0x1
 679 0089 12       		.uleb128 0x12
 680 008a 06       		.uleb128 0x6
 681 008b 01       		.uleb128 0x1
 682 008c 13       		.uleb128 0x13
 683 008d 00       		.byte	0
 684 008e 00       		.byte	0
ARM GAS  C:\Users\LAIMON~1\AppData\Local\Temp\ccdrraCa.s 			page 14


 685 008f 0B       		.uleb128 0xb
 686 0090 34       		.uleb128 0x34
 687 0091 00       		.byte	0
 688 0092 03       		.uleb128 0x3
 689 0093 0E       		.uleb128 0xe
 690 0094 3A       		.uleb128 0x3a
 691 0095 0B       		.uleb128 0xb
 692 0096 3B       		.uleb128 0x3b
 693 0097 0B       		.uleb128 0xb
 694 0098 49       		.uleb128 0x49
 695 0099 13       		.uleb128 0x13
 696 009a 02       		.uleb128 0x2
 697 009b 18       		.uleb128 0x18
 698 009c 00       		.byte	0
 699 009d 00       		.byte	0
 700 009e 0C       		.uleb128 0xc
 701 009f 34       		.uleb128 0x34
 702 00a0 00       		.byte	0
 703 00a1 03       		.uleb128 0x3
 704 00a2 08       		.uleb128 0x8
 705 00a3 3A       		.uleb128 0x3a
 706 00a4 0B       		.uleb128 0xb
 707 00a5 3B       		.uleb128 0x3b
 708 00a6 0B       		.uleb128 0xb
 709 00a7 49       		.uleb128 0x49
 710 00a8 13       		.uleb128 0x13
 711 00a9 02       		.uleb128 0x2
 712 00aa 18       		.uleb128 0x18
 713 00ab 00       		.byte	0
 714 00ac 00       		.byte	0
 715 00ad 0D       		.uleb128 0xd
 716 00ae 898201   		.uleb128 0x4109
 717 00b1 01       		.byte	0x1
 718 00b2 11       		.uleb128 0x11
 719 00b3 01       		.uleb128 0x1
 720 00b4 31       		.uleb128 0x31
 721 00b5 13       		.uleb128 0x13
 722 00b6 01       		.uleb128 0x1
 723 00b7 13       		.uleb128 0x13
 724 00b8 00       		.byte	0
 725 00b9 00       		.byte	0
 726 00ba 0E       		.uleb128 0xe
 727 00bb 8A8201   		.uleb128 0x410a
 728 00be 00       		.byte	0
 729 00bf 02       		.uleb128 0x2
 730 00c0 18       		.uleb128 0x18
 731 00c1 9142     		.uleb128 0x2111
 732 00c3 18       		.uleb128 0x18
 733 00c4 00       		.byte	0
 734 00c5 00       		.byte	0
 735 00c6 0F       		.uleb128 0xf
 736 00c7 898201   		.uleb128 0x4109
 737 00ca 00       		.byte	0
 738 00cb 11       		.uleb128 0x11
 739 00cc 01       		.uleb128 0x1
 740 00cd 31       		.uleb128 0x31
 741 00ce 13       		.uleb128 0x13
ARM GAS  C:\Users\LAIMON~1\AppData\Local\Temp\ccdrraCa.s 			page 15


 742 00cf 00       		.byte	0
 743 00d0 00       		.byte	0
 744 00d1 10       		.uleb128 0x10
 745 00d2 898201   		.uleb128 0x4109
 746 00d5 01       		.byte	0x1
 747 00d6 11       		.uleb128 0x11
 748 00d7 01       		.uleb128 0x1
 749 00d8 31       		.uleb128 0x31
 750 00d9 13       		.uleb128 0x13
 751 00da 00       		.byte	0
 752 00db 00       		.byte	0
 753 00dc 11       		.uleb128 0x11
 754 00dd 2E       		.uleb128 0x2e
 755 00de 00       		.byte	0
 756 00df 3F       		.uleb128 0x3f
 757 00e0 19       		.uleb128 0x19
 758 00e1 03       		.uleb128 0x3
 759 00e2 0E       		.uleb128 0xe
 760 00e3 3A       		.uleb128 0x3a
 761 00e4 0B       		.uleb128 0xb
 762 00e5 3B       		.uleb128 0x3b
 763 00e6 0B       		.uleb128 0xb
 764 00e7 49       		.uleb128 0x49
 765 00e8 13       		.uleb128 0x13
 766 00e9 11       		.uleb128 0x11
 767 00ea 01       		.uleb128 0x1
 768 00eb 12       		.uleb128 0x12
 769 00ec 06       		.uleb128 0x6
 770 00ed 40       		.uleb128 0x40
 771 00ee 18       		.uleb128 0x18
 772 00ef 9742     		.uleb128 0x2117
 773 00f1 19       		.uleb128 0x19
 774 00f2 00       		.byte	0
 775 00f3 00       		.byte	0
 776 00f4 12       		.uleb128 0x12
 777 00f5 34       		.uleb128 0x34
 778 00f6 00       		.byte	0
 779 00f7 03       		.uleb128 0x3
 780 00f8 0E       		.uleb128 0xe
 781 00f9 3A       		.uleb128 0x3a
 782 00fa 0B       		.uleb128 0xb
 783 00fb 3B       		.uleb128 0x3b
 784 00fc 0B       		.uleb128 0xb
 785 00fd 49       		.uleb128 0x49
 786 00fe 13       		.uleb128 0x13
 787 00ff 3F       		.uleb128 0x3f
 788 0100 19       		.uleb128 0x19
 789 0101 02       		.uleb128 0x2
 790 0102 18       		.uleb128 0x18
 791 0103 00       		.byte	0
 792 0104 00       		.byte	0
 793 0105 13       		.uleb128 0x13
 794 0106 34       		.uleb128 0x34
 795 0107 00       		.byte	0
 796 0108 03       		.uleb128 0x3
 797 0109 08       		.uleb128 0x8
 798 010a 3A       		.uleb128 0x3a
ARM GAS  C:\Users\LAIMON~1\AppData\Local\Temp\ccdrraCa.s 			page 16


 799 010b 0B       		.uleb128 0xb
 800 010c 3B       		.uleb128 0x3b
 801 010d 0B       		.uleb128 0xb
 802 010e 49       		.uleb128 0x49
 803 010f 13       		.uleb128 0x13
 804 0110 3F       		.uleb128 0x3f
 805 0111 19       		.uleb128 0x19
 806 0112 02       		.uleb128 0x2
 807 0113 18       		.uleb128 0x18
 808 0114 00       		.byte	0
 809 0115 00       		.byte	0
 810 0116 14       		.uleb128 0x14
 811 0117 2E       		.uleb128 0x2e
 812 0118 01       		.byte	0x1
 813 0119 3F       		.uleb128 0x3f
 814 011a 19       		.uleb128 0x19
 815 011b 03       		.uleb128 0x3
 816 011c 0E       		.uleb128 0xe
 817 011d 3A       		.uleb128 0x3a
 818 011e 0B       		.uleb128 0xb
 819 011f 3B       		.uleb128 0x3b
 820 0120 0B       		.uleb128 0xb
 821 0121 49       		.uleb128 0x49
 822 0122 13       		.uleb128 0x13
 823 0123 3C       		.uleb128 0x3c
 824 0124 19       		.uleb128 0x19
 825 0125 01       		.uleb128 0x1
 826 0126 13       		.uleb128 0x13
 827 0127 00       		.byte	0
 828 0128 00       		.byte	0
 829 0129 15       		.uleb128 0x15
 830 012a 18       		.uleb128 0x18
 831 012b 00       		.byte	0
 832 012c 00       		.byte	0
 833 012d 00       		.byte	0
 834 012e 16       		.uleb128 0x16
 835 012f 2E       		.uleb128 0x2e
 836 0130 01       		.byte	0x1
 837 0131 3F       		.uleb128 0x3f
 838 0132 19       		.uleb128 0x19
 839 0133 03       		.uleb128 0x3
 840 0134 0E       		.uleb128 0xe
 841 0135 3A       		.uleb128 0x3a
 842 0136 0B       		.uleb128 0xb
 843 0137 3B       		.uleb128 0x3b
 844 0138 0B       		.uleb128 0xb
 845 0139 27       		.uleb128 0x27
 846 013a 19       		.uleb128 0x19
 847 013b 49       		.uleb128 0x49
 848 013c 13       		.uleb128 0x13
 849 013d 3C       		.uleb128 0x3c
 850 013e 19       		.uleb128 0x19
 851 013f 01       		.uleb128 0x1
 852 0140 13       		.uleb128 0x13
 853 0141 00       		.byte	0
 854 0142 00       		.byte	0
 855 0143 17       		.uleb128 0x17
ARM GAS  C:\Users\LAIMON~1\AppData\Local\Temp\ccdrraCa.s 			page 17


 856 0144 05       		.uleb128 0x5
 857 0145 00       		.byte	0
 858 0146 49       		.uleb128 0x49
 859 0147 13       		.uleb128 0x13
 860 0148 00       		.byte	0
 861 0149 00       		.byte	0
 862 014a 18       		.uleb128 0x18
 863 014b 2E       		.uleb128 0x2e
 864 014c 01       		.byte	0x1
 865 014d 3F       		.uleb128 0x3f
 866 014e 19       		.uleb128 0x19
 867 014f 03       		.uleb128 0x3
 868 0150 0E       		.uleb128 0xe
 869 0151 3A       		.uleb128 0x3a
 870 0152 0B       		.uleb128 0xb
 871 0153 3B       		.uleb128 0x3b
 872 0154 0B       		.uleb128 0xb
 873 0155 3C       		.uleb128 0x3c
 874 0156 19       		.uleb128 0x19
 875 0157 01       		.uleb128 0x1
 876 0158 13       		.uleb128 0x13
 877 0159 00       		.byte	0
 878 015a 00       		.byte	0
 879 015b 19       		.uleb128 0x19
 880 015c 2E       		.uleb128 0x2e
 881 015d 01       		.byte	0x1
 882 015e 3F       		.uleb128 0x3f
 883 015f 19       		.uleb128 0x19
 884 0160 03       		.uleb128 0x3
 885 0161 0E       		.uleb128 0xe
 886 0162 3A       		.uleb128 0x3a
 887 0163 0B       		.uleb128 0xb
 888 0164 3B       		.uleb128 0x3b
 889 0165 0B       		.uleb128 0xb
 890 0166 27       		.uleb128 0x27
 891 0167 19       		.uleb128 0x19
 892 0168 3C       		.uleb128 0x3c
 893 0169 19       		.uleb128 0x19
 894 016a 01       		.uleb128 0x1
 895 016b 13       		.uleb128 0x13
 896 016c 00       		.byte	0
 897 016d 00       		.byte	0
 898 016e 1A       		.uleb128 0x1a
 899 016f 2E       		.uleb128 0x2e
 900 0170 00       		.byte	0
 901 0171 3F       		.uleb128 0x3f
 902 0172 19       		.uleb128 0x19
 903 0173 03       		.uleb128 0x3
 904 0174 0E       		.uleb128 0xe
 905 0175 3A       		.uleb128 0x3a
 906 0176 0B       		.uleb128 0xb
 907 0177 3B       		.uleb128 0x3b
 908 0178 0B       		.uleb128 0xb
 909 0179 27       		.uleb128 0x27
 910 017a 19       		.uleb128 0x19
 911 017b 3C       		.uleb128 0x3c
 912 017c 19       		.uleb128 0x19
ARM GAS  C:\Users\LAIMON~1\AppData\Local\Temp\ccdrraCa.s 			page 18


 913 017d 00       		.byte	0
 914 017e 00       		.byte	0
 915 017f 1B       		.uleb128 0x1b
 916 0180 2E       		.uleb128 0x2e
 917 0181 01       		.byte	0x1
 918 0182 3F       		.uleb128 0x3f
 919 0183 19       		.uleb128 0x19
 920 0184 03       		.uleb128 0x3
 921 0185 0E       		.uleb128 0xe
 922 0186 3A       		.uleb128 0x3a
 923 0187 0B       		.uleb128 0xb
 924 0188 3B       		.uleb128 0x3b
 925 0189 0B       		.uleb128 0xb
 926 018a 27       		.uleb128 0x27
 927 018b 19       		.uleb128 0x19
 928 018c 3C       		.uleb128 0x3c
 929 018d 19       		.uleb128 0x19
 930 018e 00       		.byte	0
 931 018f 00       		.byte	0
 932 0190 00       		.byte	0
 933              		.section	.debug_aranges,"",%progbits
 934 0000 24000000 		.4byte	0x24
 935 0004 0200     		.2byte	0x2
 936 0006 00000000 		.4byte	.Ldebug_info0
 937 000a 04       		.byte	0x4
 938 000b 00       		.byte	0
 939 000c 0000     		.2byte	0
 940 000e 0000     		.2byte	0
 941 0010 00000000 		.4byte	.LFB33
 942 0014 7C000000 		.4byte	.LFE33-.LFB33
 943 0018 00000000 		.4byte	.LFB34
 944 001c 0C000000 		.4byte	.LFE34-.LFB34
 945 0020 00000000 		.4byte	0
 946 0024 00000000 		.4byte	0
 947              		.section	.debug_ranges,"",%progbits
 948              	.Ldebug_ranges0:
 949 0000 00000000 		.4byte	.LFB33
 950 0004 7C000000 		.4byte	.LFE33
 951 0008 00000000 		.4byte	.LFB34
 952 000c 0C000000 		.4byte	.LFE34
 953 0010 00000000 		.4byte	0
 954 0014 00000000 		.4byte	0
 955              		.section	.debug_line,"",%progbits
 956              	.Ldebug_line0:
 957 0000 D2000000 		.section	.debug_str,"MS",%progbits,1
 957      02009D00 
 957      00000201 
 957      FB0E0D00 
 957      01010101 
 958              	.LASF32:
 959 0000 73746172 		.ascii	"start\000"
 959      7400
 960              	.LASF18:
 961 0006 63757272 		.ascii	"currentBattery\000"
 961      656E7442 
 961      61747465 
 961      727900
ARM GAS  C:\Users\LAIMON~1\AppData\Local\Temp\ccdrraCa.s 			page 19


 962              	.LASF40:
 963 0015 67657449 		.ascii	"getID\000"
 963      4400
 964              	.LASF24:
 965 001b 6D6F6973 		.ascii	"moisture\000"
 965      74757265 
 965      00
 966              	.LASF4:
 967 0024 6C6F6E67 		.ascii	"long int\000"
 967      20696E74 
 967      00
 968              	.LASF3:
 969 002d 73686F72 		.ascii	"short unsigned int\000"
 969      7420756E 
 969      7369676E 
 969      65642069 
 969      6E7400
 970              	.LASF13:
 971 0040 666C6F61 		.ascii	"float\000"
 971      7400
 972              	.LASF30:
 973 0046 67657456 		.ascii	"getValues\000"
 973      616C7565 
 973      7300
 974              	.LASF1:
 975 0050 756E7369 		.ascii	"unsigned char\000"
 975      676E6564 
 975      20636861 
 975      7200
 976              	.LASF12:
 977 005e 696E7431 		.ascii	"int16\000"
 977      3600
 978              	.LASF5:
 979 0064 6C6F6E67 		.ascii	"long unsigned int\000"
 979      20756E73 
 979      69676E65 
 979      6420696E 
 979      7400
 980              	.LASF27:
 981 0076 696E6465 		.ascii	"indexnummer1\000"
 981      786E756D 
 981      6D657231 
 981      00
 982              	.LASF9:
 983 0083 75696E74 		.ascii	"uint8\000"
 983      3800
 984              	.LASF33:
 985 0089 73746F70 		.ascii	"stop\000"
 985      00
 986              	.LASF34:
 987 008e 4144435F 		.ascii	"ADC_SAR_Seq_1_Start\000"
 987      5341525F 
 987      5365715F 
 987      315F5374 
 987      61727400 
 988              	.LASF25:
 989 00a2 726F7461 		.ascii	"rotate\000"
ARM GAS  C:\Users\LAIMON~1\AppData\Local\Temp\ccdrraCa.s 			page 20


 989      746500
 990              	.LASF14:
 991 00a9 646F7562 		.ascii	"double\000"
 991      6C6500
 992              	.LASF28:
 993 00b0 77616E74 		.ascii	"wantedMoisture\000"
 993      65644D6F 
 993      69737475 
 993      726500
 994              	.LASF36:
 995 00bf 696E6974 		.ascii	"initPSoCWiFi\000"
 995      50536F43 
 995      57694669 
 995      00
 996              	.LASF2:
 997 00cc 73686F72 		.ascii	"short int\000"
 997      7420696E 
 997      7400
 998              	.LASF11:
 999 00d6 696E7438 		.ascii	"int8\000"
 999      00
 1000              	.LASF17:
 1001 00db 63757272 		.ascii	"currentMoisture\000"
 1001      656E744D 
 1001      6F697374 
 1001      75726500 
 1002              	.LASF10:
 1003 00eb 75696E74 		.ascii	"uint32\000"
 1003      333200
 1004              	.LASF8:
 1005 00f2 756E7369 		.ascii	"unsigned int\000"
 1005      676E6564 
 1005      20696E74 
 1005      00
 1006              	.LASF35:
 1007 00ff 4144435F 		.ascii	"ADC_SAR_Seq_1_StartConvert\000"
 1007      5341525F 
 1007      5365715F 
 1007      315F5374 
 1007      61727443 
 1008              	.LASF7:
 1009 011a 6C6F6E67 		.ascii	"long long unsigned int\000"
 1009      206C6F6E 
 1009      6720756E 
 1009      7369676E 
 1009      65642069 
 1010              	.LASF29:
 1011 0131 77616E74 		.ascii	"wantedRotate\000"
 1011      6564526F 
 1011      74617465 
 1011      00
 1012              	.LASF39:
 1013 013e 433A5C55 		.ascii	"C:\\Users\\LaimonasIgnas\\Desktop\\Git\\PSoC\\Plant"
 1013      73657273 
 1013      5C4C6169 
 1013      6D6F6E61 
 1013      7349676E 
ARM GAS  C:\Users\LAIMON~1\AppData\Local\Temp\ccdrraCa.s 			page 21


 1014 016b 5F636F6E 		.ascii	"_control2_0.cydsn\000"
 1014      74726F6C 
 1014      325F302E 
 1014      63796473 
 1014      6E00
 1015              	.LASF16:
 1016 017d 73697A65 		.ascii	"sizetype\000"
 1016      74797065 
 1016      00
 1017              	.LASF37:
 1018 0186 474E5520 		.ascii	"GNU C 4.9.3 20150303 (release) [ARM/embedded-4_9-br"
 1018      4320342E 
 1018      392E3320 
 1018      32303135 
 1018      30333033 
 1019 01b9 616E6368 		.ascii	"anch revision 221220] -mcpu=cortex-m0 -mthumb -g -O"
 1019      20726576 
 1019      6973696F 
 1019      6E203232 
 1019      31323230 
 1020 01ec 67202D66 		.ascii	"g -ffunction-sections -ffat-lto-objects\000"
 1020      66756E63 
 1020      74696F6E 
 1020      2D736563 
 1020      74696F6E 
 1021              	.LASF6:
 1022 0214 6C6F6E67 		.ascii	"long long int\000"
 1022      206C6F6E 
 1022      6720696E 
 1022      7400
 1023              	.LASF15:
 1024 0222 63686172 		.ascii	"char\000"
 1024      00
 1025              	.LASF26:
 1026 0227 76616C75 		.ascii	"values\000"
 1026      657300
 1027              	.LASF21:
 1028 022e 63757272 		.ascii	"currentTemperature\000"
 1028      656E7454 
 1028      656D7065 
 1028      72617475 
 1028      726500
 1029              	.LASF19:
 1030 0241 63757272 		.ascii	"currentWater\000"
 1030      656E7457 
 1030      61746572 
 1030      00
 1031              	.LASF23:
 1032 024e 72657370 		.ascii	"responses\000"
 1032      6F6E7365 
 1032      7300
 1033              	.LASF22:
 1034 0258 75706461 		.ascii	"updateParameters\000"
 1034      74655061 
 1034      72616D65 
 1034      74657273 
 1034      00
ARM GAS  C:\Users\LAIMON~1\AppData\Local\Temp\ccdrraCa.s 			page 22


 1035              	.LASF38:
 1036 0269 2E5C506C 		.ascii	".\\Plantcontrol.c\000"
 1036      616E7463 
 1036      6F6E7472 
 1036      6F6C2E63 
 1036      00
 1037              	.LASF20:
 1038 027a 63757272 		.ascii	"currentLight\000"
 1038      656E744C 
 1038      69676874 
 1038      00
 1039              	.LASF41:
 1040 0287 73656E64 		.ascii	"sendSensorData\000"
 1040      53656E73 
 1040      6F724461 
 1040      746100
 1041              	.LASF0:
 1042 0296 7369676E 		.ascii	"signed char\000"
 1042      65642063 
 1042      68617200 
 1043              	.LASF31:
 1044 02a2 43794465 		.ascii	"CyDelay\000"
 1044      6C617900 
 1045              		.ident	"GCC: (GNU Tools for ARM Embedded Processors) 4.9.3 20150303 (release) [ARM/embedded-4_9-br
