ARM GAS  C:\Users\LAIMON~1\AppData\Local\Temp\ccPi2T2u.s 			page 1


   1              		.cpu cortex-m0
   2              		.fpu softvfp
   3              		.eabi_attribute 20, 1
   4              		.eabi_attribute 21, 1
   5              		.eabi_attribute 23, 3
   6              		.eabi_attribute 24, 1
   7              		.eabi_attribute 25, 1
   8              		.eabi_attribute 26, 1
   9              		.eabi_attribute 30, 1
  10              		.eabi_attribute 34, 0
  11              		.eabi_attribute 18, 4
  12              		.code	16
  13              		.file	"pump.c"
  14              		.text
  15              	.Ltext0:
  16              		.cfi_sections	.debug_frame
  17              		.section	.text.start,"ax",%progbits
  18              		.align	2
  19              		.global	start
  20              		.code	16
  21              		.thumb_func
  22              		.type	start, %function
  23              	start:
  24              	.LFB33:
  25              		.file 1 ".\\pump.c"
   1:.\pump.c      **** /* ========================================
   2:.\pump.c      ****  *
   3:.\pump.c      ****  * Copyright YOUR COMPANY, THE YEAR
   4:.\pump.c      ****  * All Rights Reserved
   5:.\pump.c      ****  * UNPUBLISHED, LICENSED SOFTWARE.
   6:.\pump.c      ****  *
   7:.\pump.c      ****  * CONFIDENTIAL AND PROPRIETARY INFORMATION
   8:.\pump.c      ****  * WHICH IS THE PROPERTY OF your company.
   9:.\pump.c      ****  *
  10:.\pump.c      ****  * ========================================
  11:.\pump.c      **** */
  12:.\pump.c      **** #include <pump.h>
  13:.\pump.c      **** 
  14:.\pump.c      **** void start()    //simpel function som tænder for pumpen, venter 5 sekunder og slukker for den igen
  15:.\pump.c      **** {
  26              		.loc 1 15 0
  27              		.cfi_startproc
  28 0000 08B5     		push	{r3, lr}
  29              		.cfi_def_cfa_offset 8
  30              		.cfi_offset 3, -8
  31              		.cfi_offset 14, -4
  16:.\pump.c      ****     Pumpe_Write(1);
  32              		.loc 1 16 0
  33 0002 0120     		mov	r0, #1
  34 0004 FFF7FEFF 		bl	Pumpe_Write
  35              	.LVL0:
  17:.\pump.c      **** }
  36              		.loc 1 17 0
  37              		@ sp needed
  38 0008 08BD     		pop	{r3, pc}
  39              		.cfi_endproc
  40              	.LFE33:
ARM GAS  C:\Users\LAIMON~1\AppData\Local\Temp\ccPi2T2u.s 			page 2


  41              		.size	start, .-start
  42              		.section	.text.stop,"ax",%progbits
  43              		.align	2
  44              		.global	stop
  45              		.code	16
  46              		.thumb_func
  47              		.type	stop, %function
  48              	stop:
  49              	.LFB34:
  18:.\pump.c      **** 
  19:.\pump.c      **** void stop()
  20:.\pump.c      **** {
  50              		.loc 1 20 0
  51              		.cfi_startproc
  52 0000 08B5     		push	{r3, lr}
  53              		.cfi_def_cfa_offset 8
  54              		.cfi_offset 3, -8
  55              		.cfi_offset 14, -4
  21:.\pump.c      ****     Pumpe_Write(0);
  56              		.loc 1 21 0
  57 0002 0020     		mov	r0, #0
  58 0004 FFF7FEFF 		bl	Pumpe_Write
  59              	.LVL1:
  22:.\pump.c      **** }
  60              		.loc 1 22 0
  61              		@ sp needed
  62 0008 08BD     		pop	{r3, pc}
  63              		.cfi_endproc
  64              	.LFE34:
  65              		.size	stop, .-stop
  66 000a C046     		.text
  67              	.Letext0:
  68              		.file 2 "Generated_Source\\PSoC4/cytypes.h"
  69              		.file 3 "Generated_Source\\PSoC4/Pumpe.h"
  70              		.section	.debug_info,"",%progbits
  71              	.Ldebug_info0:
  72 0000 E6000000 		.4byte	0xe6
  73 0004 0400     		.2byte	0x4
  74 0006 00000000 		.4byte	.Ldebug_abbrev0
  75 000a 04       		.byte	0x4
  76 000b 01       		.uleb128 0x1
  77 000c E8000000 		.4byte	.LASF15
  78 0010 01       		.byte	0x1
  79 0011 5C000000 		.4byte	.LASF16
  80 0015 B2000000 		.4byte	.LASF17
  81 0019 00000000 		.4byte	.Ldebug_ranges0+0
  82 001d 00000000 		.4byte	0
  83 0021 00000000 		.4byte	.Ldebug_line0
  84 0025 02       		.uleb128 0x2
  85 0026 01       		.byte	0x1
  86 0027 06       		.byte	0x6
  87 0028 A6000000 		.4byte	.LASF0
  88 002c 02       		.uleb128 0x2
  89 002d 01       		.byte	0x1
  90 002e 08       		.byte	0x8
  91 002f 65000000 		.4byte	.LASF1
  92 0033 02       		.uleb128 0x2
ARM GAS  C:\Users\LAIMON~1\AppData\Local\Temp\ccPi2T2u.s 			page 3


  93 0034 02       		.byte	0x2
  94 0035 05       		.byte	0x5
  95 0036 76010000 		.4byte	.LASF2
  96 003a 02       		.uleb128 0x2
  97 003b 02       		.byte	0x2
  98 003c 07       		.byte	0x7
  99 003d 93000000 		.4byte	.LASF3
 100 0041 02       		.uleb128 0x2
 101 0042 04       		.byte	0x4
 102 0043 05       		.byte	0x5
 103 0044 7E000000 		.4byte	.LASF4
 104 0048 02       		.uleb128 0x2
 105 0049 04       		.byte	0x4
 106 004a 07       		.byte	0x7
 107 004b 2D000000 		.4byte	.LASF5
 108 004f 02       		.uleb128 0x2
 109 0050 08       		.byte	0x8
 110 0051 05       		.byte	0x5
 111 0052 00000000 		.4byte	.LASF6
 112 0056 02       		.uleb128 0x2
 113 0057 08       		.byte	0x8
 114 0058 07       		.byte	0x7
 115 0059 3F000000 		.4byte	.LASF7
 116 005d 03       		.uleb128 0x3
 117 005e 04       		.byte	0x4
 118 005f 05       		.byte	0x5
 119 0060 696E7400 		.ascii	"int\000"
 120 0064 02       		.uleb128 0x2
 121 0065 04       		.byte	0x4
 122 0066 07       		.byte	0x7
 123 0067 0E000000 		.4byte	.LASF8
 124 006b 04       		.uleb128 0x4
 125 006c 27000000 		.4byte	.LASF18
 126 0070 02       		.byte	0x2
 127 0071 C2       		.byte	0xc2
 128 0072 2C000000 		.4byte	0x2c
 129 0076 02       		.uleb128 0x2
 130 0077 04       		.byte	0x4
 131 0078 04       		.byte	0x4
 132 0079 56000000 		.4byte	.LASF9
 133 007d 02       		.uleb128 0x2
 134 007e 08       		.byte	0x8
 135 007f 04       		.byte	0x4
 136 0080 87000000 		.4byte	.LASF10
 137 0084 02       		.uleb128 0x2
 138 0085 01       		.byte	0x1
 139 0086 08       		.byte	0x8
 140 0087 73000000 		.4byte	.LASF11
 141 008b 02       		.uleb128 0x2
 142 008c 04       		.byte	0x4
 143 008d 07       		.byte	0x7
 144 008e 80010000 		.4byte	.LASF12
 145 0092 05       		.uleb128 0x5
 146 0093 78000000 		.4byte	.LASF13
 147 0097 01       		.byte	0x1
 148 0098 0E       		.byte	0xe
 149 0099 00000000 		.4byte	.LFB33
ARM GAS  C:\Users\LAIMON~1\AppData\Local\Temp\ccPi2T2u.s 			page 4


 150 009d 0A000000 		.4byte	.LFE33-.LFB33
 151 00a1 01       		.uleb128 0x1
 152 00a2 9C       		.byte	0x9c
 153 00a3 B7000000 		.4byte	0xb7
 154 00a7 06       		.uleb128 0x6
 155 00a8 08000000 		.4byte	.LVL0
 156 00ac DC000000 		.4byte	0xdc
 157 00b0 07       		.uleb128 0x7
 158 00b1 01       		.uleb128 0x1
 159 00b2 50       		.byte	0x50
 160 00b3 01       		.uleb128 0x1
 161 00b4 31       		.byte	0x31
 162 00b5 00       		.byte	0
 163 00b6 00       		.byte	0
 164 00b7 05       		.uleb128 0x5
 165 00b8 8E000000 		.4byte	.LASF14
 166 00bc 01       		.byte	0x1
 167 00bd 13       		.byte	0x13
 168 00be 00000000 		.4byte	.LFB34
 169 00c2 0A000000 		.4byte	.LFE34-.LFB34
 170 00c6 01       		.uleb128 0x1
 171 00c7 9C       		.byte	0x9c
 172 00c8 DC000000 		.4byte	0xdc
 173 00cc 06       		.uleb128 0x6
 174 00cd 08000000 		.4byte	.LVL1
 175 00d1 DC000000 		.4byte	0xdc
 176 00d5 07       		.uleb128 0x7
 177 00d6 01       		.uleb128 0x1
 178 00d7 50       		.byte	0x50
 179 00d8 01       		.uleb128 0x1
 180 00d9 30       		.byte	0x30
 181 00da 00       		.byte	0
 182 00db 00       		.byte	0
 183 00dc 08       		.uleb128 0x8
 184 00dd 1B000000 		.4byte	.LASF19
 185 00e1 03       		.byte	0x3
 186 00e2 1D       		.byte	0x1d
 187 00e3 09       		.uleb128 0x9
 188 00e4 6B000000 		.4byte	0x6b
 189 00e8 00       		.byte	0
 190 00e9 00       		.byte	0
 191              		.section	.debug_abbrev,"",%progbits
 192              	.Ldebug_abbrev0:
 193 0000 01       		.uleb128 0x1
 194 0001 11       		.uleb128 0x11
 195 0002 01       		.byte	0x1
 196 0003 25       		.uleb128 0x25
 197 0004 0E       		.uleb128 0xe
 198 0005 13       		.uleb128 0x13
 199 0006 0B       		.uleb128 0xb
 200 0007 03       		.uleb128 0x3
 201 0008 0E       		.uleb128 0xe
 202 0009 1B       		.uleb128 0x1b
 203 000a 0E       		.uleb128 0xe
 204 000b 55       		.uleb128 0x55
 205 000c 17       		.uleb128 0x17
 206 000d 11       		.uleb128 0x11
ARM GAS  C:\Users\LAIMON~1\AppData\Local\Temp\ccPi2T2u.s 			page 5


 207 000e 01       		.uleb128 0x1
 208 000f 10       		.uleb128 0x10
 209 0010 17       		.uleb128 0x17
 210 0011 00       		.byte	0
 211 0012 00       		.byte	0
 212 0013 02       		.uleb128 0x2
 213 0014 24       		.uleb128 0x24
 214 0015 00       		.byte	0
 215 0016 0B       		.uleb128 0xb
 216 0017 0B       		.uleb128 0xb
 217 0018 3E       		.uleb128 0x3e
 218 0019 0B       		.uleb128 0xb
 219 001a 03       		.uleb128 0x3
 220 001b 0E       		.uleb128 0xe
 221 001c 00       		.byte	0
 222 001d 00       		.byte	0
 223 001e 03       		.uleb128 0x3
 224 001f 24       		.uleb128 0x24
 225 0020 00       		.byte	0
 226 0021 0B       		.uleb128 0xb
 227 0022 0B       		.uleb128 0xb
 228 0023 3E       		.uleb128 0x3e
 229 0024 0B       		.uleb128 0xb
 230 0025 03       		.uleb128 0x3
 231 0026 08       		.uleb128 0x8
 232 0027 00       		.byte	0
 233 0028 00       		.byte	0
 234 0029 04       		.uleb128 0x4
 235 002a 16       		.uleb128 0x16
 236 002b 00       		.byte	0
 237 002c 03       		.uleb128 0x3
 238 002d 0E       		.uleb128 0xe
 239 002e 3A       		.uleb128 0x3a
 240 002f 0B       		.uleb128 0xb
 241 0030 3B       		.uleb128 0x3b
 242 0031 0B       		.uleb128 0xb
 243 0032 49       		.uleb128 0x49
 244 0033 13       		.uleb128 0x13
 245 0034 00       		.byte	0
 246 0035 00       		.byte	0
 247 0036 05       		.uleb128 0x5
 248 0037 2E       		.uleb128 0x2e
 249 0038 01       		.byte	0x1
 250 0039 3F       		.uleb128 0x3f
 251 003a 19       		.uleb128 0x19
 252 003b 03       		.uleb128 0x3
 253 003c 0E       		.uleb128 0xe
 254 003d 3A       		.uleb128 0x3a
 255 003e 0B       		.uleb128 0xb
 256 003f 3B       		.uleb128 0x3b
 257 0040 0B       		.uleb128 0xb
 258 0041 11       		.uleb128 0x11
 259 0042 01       		.uleb128 0x1
 260 0043 12       		.uleb128 0x12
 261 0044 06       		.uleb128 0x6
 262 0045 40       		.uleb128 0x40
 263 0046 18       		.uleb128 0x18
ARM GAS  C:\Users\LAIMON~1\AppData\Local\Temp\ccPi2T2u.s 			page 6


 264 0047 9742     		.uleb128 0x2117
 265 0049 19       		.uleb128 0x19
 266 004a 01       		.uleb128 0x1
 267 004b 13       		.uleb128 0x13
 268 004c 00       		.byte	0
 269 004d 00       		.byte	0
 270 004e 06       		.uleb128 0x6
 271 004f 898201   		.uleb128 0x4109
 272 0052 01       		.byte	0x1
 273 0053 11       		.uleb128 0x11
 274 0054 01       		.uleb128 0x1
 275 0055 31       		.uleb128 0x31
 276 0056 13       		.uleb128 0x13
 277 0057 00       		.byte	0
 278 0058 00       		.byte	0
 279 0059 07       		.uleb128 0x7
 280 005a 8A8201   		.uleb128 0x410a
 281 005d 00       		.byte	0
 282 005e 02       		.uleb128 0x2
 283 005f 18       		.uleb128 0x18
 284 0060 9142     		.uleb128 0x2111
 285 0062 18       		.uleb128 0x18
 286 0063 00       		.byte	0
 287 0064 00       		.byte	0
 288 0065 08       		.uleb128 0x8
 289 0066 2E       		.uleb128 0x2e
 290 0067 01       		.byte	0x1
 291 0068 3F       		.uleb128 0x3f
 292 0069 19       		.uleb128 0x19
 293 006a 03       		.uleb128 0x3
 294 006b 0E       		.uleb128 0xe
 295 006c 3A       		.uleb128 0x3a
 296 006d 0B       		.uleb128 0xb
 297 006e 3B       		.uleb128 0x3b
 298 006f 0B       		.uleb128 0xb
 299 0070 27       		.uleb128 0x27
 300 0071 19       		.uleb128 0x19
 301 0072 3C       		.uleb128 0x3c
 302 0073 19       		.uleb128 0x19
 303 0074 00       		.byte	0
 304 0075 00       		.byte	0
 305 0076 09       		.uleb128 0x9
 306 0077 05       		.uleb128 0x5
 307 0078 00       		.byte	0
 308 0079 49       		.uleb128 0x49
 309 007a 13       		.uleb128 0x13
 310 007b 00       		.byte	0
 311 007c 00       		.byte	0
 312 007d 00       		.byte	0
 313              		.section	.debug_aranges,"",%progbits
 314 0000 24000000 		.4byte	0x24
 315 0004 0200     		.2byte	0x2
 316 0006 00000000 		.4byte	.Ldebug_info0
 317 000a 04       		.byte	0x4
 318 000b 00       		.byte	0
 319 000c 0000     		.2byte	0
 320 000e 0000     		.2byte	0
ARM GAS  C:\Users\LAIMON~1\AppData\Local\Temp\ccPi2T2u.s 			page 7


 321 0010 00000000 		.4byte	.LFB33
 322 0014 0A000000 		.4byte	.LFE33-.LFB33
 323 0018 00000000 		.4byte	.LFB34
 324 001c 0A000000 		.4byte	.LFE34-.LFB34
 325 0020 00000000 		.4byte	0
 326 0024 00000000 		.4byte	0
 327              		.section	.debug_ranges,"",%progbits
 328              	.Ldebug_ranges0:
 329 0000 00000000 		.4byte	.LFB33
 330 0004 0A000000 		.4byte	.LFE33
 331 0008 00000000 		.4byte	.LFB34
 332 000c 0A000000 		.4byte	.LFE34
 333 0010 00000000 		.4byte	0
 334 0014 00000000 		.4byte	0
 335              		.section	.debug_line,"",%progbits
 336              	.Ldebug_line0:
 337 0000 76000000 		.section	.debug_str,"MS",%progbits,1
 337      02004E00 
 337      00000201 
 337      FB0E0D00 
 337      01010101 
 338              	.LASF6:
 339 0000 6C6F6E67 		.ascii	"long long int\000"
 339      206C6F6E 
 339      6720696E 
 339      7400
 340              	.LASF8:
 341 000e 756E7369 		.ascii	"unsigned int\000"
 341      676E6564 
 341      20696E74 
 341      00
 342              	.LASF19:
 343 001b 50756D70 		.ascii	"Pumpe_Write\000"
 343      655F5772 
 343      69746500 
 344              	.LASF18:
 345 0027 75696E74 		.ascii	"uint8\000"
 345      3800
 346              	.LASF5:
 347 002d 6C6F6E67 		.ascii	"long unsigned int\000"
 347      20756E73 
 347      69676E65 
 347      6420696E 
 347      7400
 348              	.LASF7:
 349 003f 6C6F6E67 		.ascii	"long long unsigned int\000"
 349      206C6F6E 
 349      6720756E 
 349      7369676E 
 349      65642069 
 350              	.LASF9:
 351 0056 666C6F61 		.ascii	"float\000"
 351      7400
 352              	.LASF16:
 353 005c 2E5C7075 		.ascii	".\\pump.c\000"
 353      6D702E63 
 353      00
ARM GAS  C:\Users\LAIMON~1\AppData\Local\Temp\ccPi2T2u.s 			page 8


 354              	.LASF1:
 355 0065 756E7369 		.ascii	"unsigned char\000"
 355      676E6564 
 355      20636861 
 355      7200
 356              	.LASF11:
 357 0073 63686172 		.ascii	"char\000"
 357      00
 358              	.LASF13:
 359 0078 73746172 		.ascii	"start\000"
 359      7400
 360              	.LASF4:
 361 007e 6C6F6E67 		.ascii	"long int\000"
 361      20696E74 
 361      00
 362              	.LASF10:
 363 0087 646F7562 		.ascii	"double\000"
 363      6C6500
 364              	.LASF14:
 365 008e 73746F70 		.ascii	"stop\000"
 365      00
 366              	.LASF3:
 367 0093 73686F72 		.ascii	"short unsigned int\000"
 367      7420756E 
 367      7369676E 
 367      65642069 
 367      6E7400
 368              	.LASF0:
 369 00a6 7369676E 		.ascii	"signed char\000"
 369      65642063 
 369      68617200 
 370              	.LASF17:
 371 00b2 433A5C55 		.ascii	"C:\\Users\\LaimonasIgnas\\Desktop\\Plant_control2_0"
 371      73657273 
 371      5C4C6169 
 371      6D6F6E61 
 371      7349676E 
 372 00e1 2E637964 		.ascii	".cydsn\000"
 372      736E00
 373              	.LASF15:
 374 00e8 474E5520 		.ascii	"GNU C 4.9.3 20150303 (release) [ARM/embedded-4_9-br"
 374      4320342E 
 374      392E3320 
 374      32303135 
 374      30333033 
 375 011b 616E6368 		.ascii	"anch revision 221220] -mcpu=cortex-m0 -mthumb -g -O"
 375      20726576 
 375      6973696F 
 375      6E203232 
 375      31323230 
 376 014e 67202D66 		.ascii	"g -ffunction-sections -ffat-lto-objects\000"
 376      66756E63 
 376      74696F6E 
 376      2D736563 
 376      74696F6E 
 377              	.LASF2:
 378 0176 73686F72 		.ascii	"short int\000"
ARM GAS  C:\Users\LAIMON~1\AppData\Local\Temp\ccPi2T2u.s 			page 9


 378      7420696E 
 378      7400
 379              	.LASF12:
 380 0180 73697A65 		.ascii	"sizetype\000"
 380      74797065 
 380      00
 381              		.ident	"GCC: (GNU Tools for ARM Embedded Processors) 4.9.3 20150303 (release) [ARM/embedded-4_9-br
