--------------- Rebuild Started: 12/06/2015 03:25:33 Project: Plant_control2_0, Configuration: ARM GCC 4.9-2015-q1-update Debug ---------------
Deleting file ".\CortexM0\ARM_GCC_493\Debug\main.o"
Deleting file ".\CortexM0\ARM_GCC_493\Debug\Plantcontrol.o"
Deleting file ".\CortexM0\ARM_GCC_493\Debug\sensors.o"
Deleting file ".\CortexM0\ARM_GCC_493\Debug\wifi.o"
Deleting file ".\CortexM0\ARM_GCC_493\Debug\motor.o"
Deleting file ".\CortexM0\ARM_GCC_493\Debug\pumpz.o"
Deleting file ".\CortexM0\ARM_GCC_493\Debug\cyfitter_cfg.o"
Deleting file ".\CortexM0\ARM_GCC_493\Debug\cymetadata.o"
Deleting file ".\CortexM0\ARM_GCC_493\Debug\ADC_SAR_Seq_1.o"
Deleting file ".\CortexM0\ARM_GCC_493\Debug\ADC_SAR_Seq_1_PM.o"
Deleting file ".\CortexM0\ARM_GCC_493\Debug\ADC_SAR_Seq_1_INT.o"
Deleting file ".\CortexM0\ARM_GCC_493\Debug\ADC_SAR_Seq_1_IRQ.o"
Deleting file ".\CortexM0\ARM_GCC_493\Debug\ADC_SAR_Seq_1_intClock.o"
Deleting file ".\CortexM0\ARM_GCC_493\Debug\Cm0Start.o"
Deleting file ".\CortexM0\ARM_GCC_493\Debug\CyBootAsmGnu.o"
Deleting file ".\CortexM0\ARM_GCC_493\Debug\CyFlash.o"
Deleting file ".\CortexM0\ARM_GCC_493\Debug\CyLib.o"
Deleting file ".\CortexM0\ARM_GCC_493\Debug\cyPm.o"
Deleting file ".\CortexM0\ARM_GCC_493\Debug\cyutils.o"
Deleting file ".\CortexM0\ARM_GCC_493\Debug\CyLFClk.o"
Deleting file ".\CortexM0\ARM_GCC_493\Debug\Fugt.o"
Deleting file ".\CortexM0\ARM_GCC_493\Debug\temperatur.o"
Deleting file ".\CortexM0\ARM_GCC_493\Debug\Niveau_vandtank.o"
Deleting file ".\CortexM0\ARM_GCC_493\Debug\Lysfoler.o"
Deleting file ".\CortexM0\ARM_GCC_493\Debug\isr_EOC.o"
Deleting file ".\CortexM0\ARM_GCC_493\Debug\stromstyring_plus.o"
Deleting file ".\CortexM0\ARM_GCC_493\Debug\Clock_1.o"
Deleting file ".\CortexM0\ARM_GCC_493\Debug\Clock_out_capasitiv_sensors.o"
Deleting file ".\CortexM0\ARM_GCC_493\Debug\UART.o"
Deleting file ".\CortexM0\ARM_GCC_493\Debug\UART_PM.o"
Deleting file ".\CortexM0\ARM_GCC_493\Debug\UART_INT.o"
Deleting file ".\CortexM0\ARM_GCC_493\Debug\UART_BOOT.o"
Deleting file ".\CortexM0\ARM_GCC_493\Debug\isr_UART.o"
Deleting file ".\CortexM0\ARM_GCC_493\Debug\UART_IntClock.o"
Deleting file ".\CortexM0\ARM_GCC_493\Debug\Rotor_motor1_plus_BLK.o"
Deleting file ".\CortexM0\ARM_GCC_493\Debug\Rotor_motor2_plus_RED.o"
Deleting file ".\CortexM0\ARM_GCC_493\Debug\Rotor_motor1_minus_GRN.o"
Deleting file ".\CortexM0\ARM_GCC_493\Debug\Rotor_motor2_minus_BLU.o"
Deleting file ".\CortexM0\ARM_GCC_493\Debug\Pump.o"
Deleting file ".\CortexM0\ARM_GCC_493\Debug\Plant_control2_0.hex"
Deleting file ".\CortexM0\ARM_GCC_493\Debug\Plant_control2_0.elf"
Deleting file ".\CortexM0\ARM_GCC_493\Debug\Plant_control2_0.map"
Deleting file ".\Plant_control2_0.cycdx"
Deleting file ".\Plant_control2_0.svd"
Deleting file ".\Plant_control2_0.rpt"
Deleting file ".\Plant_control2_0_timing.html"
Deleting file ".\CortexM0\ARM_GCC_493\Debug\.deps\C_FILE.P"
Deleting file ".\CortexM0\ARM_GCC_493\Debug\.deps\ARM_C_FILE.P"
Deleting file ".\CortexM0\ARM_GCC_493\Debug\.deps\GNU_ARM_ASM_FILE.P"
cydsfit.exe -.appdatapath "C:\Users\BEAST\AppData\Local\Cypress Semiconductor\PSoC Creator\3.3" -.fdsnotice -.fdswarpdepfile=warp_dependencies.txt -.fdselabdepfile=elab_dependencies.txt -.fdsbldfile=generated_files.txt -p "C:\Users\BEAST\Desktop\GITHUB PSOC PLANTE\PSoC\Plant_control2_0.cydsn\Plant_control2_0.cyprj" -d CY8C4245AXI-483 -s "C:\Users\BEAST\Desktop\GITHUB PSOC PLANTE\PSoC\Plant_control2_0.cydsn\Generated_Source\PSoC4" -- -yv2 -q10 -ygs -o2 -v3 -.fftcfgtype=LE
Elaborating Design...
HDL Generation ...
Synthesis ...
Place and Route ...
Tech mapping ...
ADD: pft.M0040: information: The following 4 pin(s) will be assigned a location by the fitter: Rotor_motor1_minus_GRN(0), Rotor_motor1_plus_BLK(0), Rotor_motor2_minus_BLU(0), Rotor_motor2_plus_RED(0)
Analog Placement ...
Analog Routing ...
Analog Code Generation ...
Digital Placement ...
Digital Routing ...
Bitstream Generation ...
Static timing analysis ...
API Generation ...
Dependency Generation ...
Clean Temporary Files ...
arm-none-eabi-gcc.exe -mcpu=cortex-m0 -mthumb -Wno-main -I. -IGenerated_Source\PSoC4 -Wa,-alh=.\CortexM0\ARM_GCC_493\Debug/main.lst -g -D DEBUG -Wall -ffunction-sections -Og -ffat-lto-objects -c .\main.c -o .\CortexM0\ARM_GCC_493\Debug\main.o
In file included from .\main.c:13:0:
./Plantcontrol.h:18:19: fatal error: pumpz.h: No such file or directory
 #include <pumpz.h>
                   ^
compilation terminated.
The command 'arm-none-eabi-gcc.exe' failed with exit code '1'.
--------------- Rebuild Failed: 12/06/2015 03:25:42 ---------------
