ARM GAS  C:\temp\ccpHS3r1.s 			page 1


   1              		.cpu cortex-m0
   2              		.fpu softvfp
   3              		.eabi_attribute 20, 1
   4              		.eabi_attribute 21, 1
   5              		.eabi_attribute 23, 3
   6              		.eabi_attribute 24, 1
   7              		.eabi_attribute 25, 1
   8              		.eabi_attribute 26, 1
   9              		.eabi_attribute 30, 4
  10              		.eabi_attribute 34, 0
  11              		.eabi_attribute 18, 4
  12              		.code	16
  13              		.file	"motor.c"
  14              		.text
  15              	.Ltext0:
  16              		.cfi_sections	.debug_frame
  17              		.section	.text.rotate,"ax",%progbits
  18              		.align	1
  19              		.global	rotate
  20              		.code	16
  21              		.thumb_func
  22              		.type	rotate, %function
  23              	rotate:
  24              	.LFB33:
  25              		.file 1 ".\\motor.c"
   1:.\motor.c     **** /* ========================================
   2:.\motor.c     ****  *
   3:.\motor.c     ****  * Copyright YOUR COMPANY, THE YEAR
   4:.\motor.c     ****  * All Rights Reserved
   5:.\motor.c     ****  * UNPUBLISHED, LICENSED SOFTWARE.
   6:.\motor.c     ****  *
   7:.\motor.c     ****  * CONFIDENTIAL AND PROPRIETARY INFORMATION
   8:.\motor.c     ****  * WHICH IS THE PROPERTY OF your company.
   9:.\motor.c     ****  *
  10:.\motor.c     ****  * ========================================
  11:.\motor.c     **** */
  12:.\motor.c     **** #include<motor.h>
  13:.\motor.c     **** 
  14:.\motor.c     **** 
  15:.\motor.c     **** void rotate(int16 step)
  16:.\motor.c     **** {
  26              		.loc 1 16 0
  27              		.cfi_startproc
  28              	.LVL0:
  29 0000 38B5     		push	{r3, r4, r5, lr}
  30              		.cfi_def_cfa_offset 16
  31              		.cfi_offset 3, -16
  32              		.cfi_offset 4, -12
  33              		.cfi_offset 5, -8
  34              		.cfi_offset 14, -4
  17:.\motor.c     ****     int8 speed=10;
  18:.\motor.c     ****     if(indexnummer1==0)
  35              		.loc 1 18 0
  36 0002 254C     		ldr	r4, .L15
  37 0004 0022     		mov	r2, #0
  38 0006 A35E     		ldrsh	r3, [r4, r2]
  39 0008 002B     		cmp	r3, #0
ARM GAS  C:\temp\ccpHS3r1.s 			page 2


  40 000a 01D1     		bne	.L2
  19:.\motor.c     ****         indexnummer1=1;
  41              		.loc 1 19 0
  42 000c 0133     		add	r3, r3, #1
  43 000e 2380     		strh	r3, [r4]
  44              	.L2:
  45 0010 C543     		mvn	r5, r0
  46 0012 ED17     		asr	r5, r5, #31
  47 0014 0540     		and	r5, r0
  48              	.LVL1:
  49              	.L4:
  20:.\motor.c     ****     
  21:.\motor.c     ****     if(step>=0) //validering
  22:.\motor.c     ****     step=step;
  23:.\motor.c     ****     else
  24:.\motor.c     ****     step=0;
  25:.\motor.c     ****     
  26:.\motor.c     ****     while(step!=0)
  50              		.loc 1 26 0
  51 0016 002D     		cmp	r5, #0
  52 0018 3CD0     		beq	.L14
  27:.\motor.c     ****     { 
  28:.\motor.c     ****         if(indexnummer1==1)
  53              		.loc 1 28 0
  54 001a 0023     		mov	r3, #0
  55 001c E05E     		ldrsh	r0, [r4, r3]
  56 001e 0128     		cmp	r0, #1
  57 0020 07D1     		bne	.L5
  29:.\motor.c     ****         {    
  30:.\motor.c     ****         Rotor_motor1_plus_BLK_Write(1);
  58              		.loc 1 30 0
  59 0022 FFF7FEFF 		bl	Rotor_motor1_plus_BLK_Write
  60              	.LVL2:
  31:.\motor.c     ****         CyDelay(speed);
  61              		.loc 1 31 0
  62 0026 0A20     		mov	r0, #10
  63 0028 FFF7FEFF 		bl	CyDelay
  64              	.LVL3:
  32:.\motor.c     ****         Rotor_motor1_plus_BLK_Write(0);
  65              		.loc 1 32 0
  66 002c 0020     		mov	r0, #0
  67 002e FFF7FEFF 		bl	Rotor_motor1_plus_BLK_Write
  68              	.LVL4:
  69              	.L5:
  33:.\motor.c     ****         }
  34:.\motor.c     ****         if(indexnummer1==2)
  70              		.loc 1 34 0
  71 0032 0022     		mov	r2, #0
  72 0034 A35E     		ldrsh	r3, [r4, r2]
  73 0036 022B     		cmp	r3, #2
  74 0038 08D1     		bne	.L6
  35:.\motor.c     ****         {    
  36:.\motor.c     ****         Rotor_motor2_plus_RED_Write(1);
  75              		.loc 1 36 0
  76 003a 0120     		mov	r0, #1
  77 003c FFF7FEFF 		bl	Rotor_motor2_plus_RED_Write
  78              	.LVL5:
ARM GAS  C:\temp\ccpHS3r1.s 			page 3


  37:.\motor.c     ****         CyDelay(speed);
  79              		.loc 1 37 0
  80 0040 0A20     		mov	r0, #10
  81 0042 FFF7FEFF 		bl	CyDelay
  82              	.LVL6:
  38:.\motor.c     ****         Rotor_motor2_plus_RED_Write(0);
  83              		.loc 1 38 0
  84 0046 0020     		mov	r0, #0
  85 0048 FFF7FEFF 		bl	Rotor_motor2_plus_RED_Write
  86              	.LVL7:
  87              	.L6:
  39:.\motor.c     ****         }
  40:.\motor.c     ****          if(indexnummer1==3)
  88              		.loc 1 40 0
  89 004c 0022     		mov	r2, #0
  90 004e A35E     		ldrsh	r3, [r4, r2]
  91 0050 032B     		cmp	r3, #3
  92 0052 08D1     		bne	.L7
  41:.\motor.c     ****         {    
  42:.\motor.c     ****         Rotor_motor1_minus_GRN_Write(1);
  93              		.loc 1 42 0
  94 0054 0120     		mov	r0, #1
  95 0056 FFF7FEFF 		bl	Rotor_motor1_minus_GRN_Write
  96              	.LVL8:
  43:.\motor.c     ****         CyDelay(speed);
  97              		.loc 1 43 0
  98 005a 0A20     		mov	r0, #10
  99 005c FFF7FEFF 		bl	CyDelay
 100              	.LVL9:
  44:.\motor.c     ****         Rotor_motor1_minus_GRN_Write(0);
 101              		.loc 1 44 0
 102 0060 0020     		mov	r0, #0
 103 0062 FFF7FEFF 		bl	Rotor_motor1_minus_GRN_Write
 104              	.LVL10:
 105              	.L7:
  45:.\motor.c     ****         }
  46:.\motor.c     ****          if(indexnummer1==4)
 106              		.loc 1 46 0
 107 0066 0022     		mov	r2, #0
 108 0068 A35E     		ldrsh	r3, [r4, r2]
 109 006a 042B     		cmp	r3, #4
 110 006c 08D1     		bne	.L8
  47:.\motor.c     ****         {    
  48:.\motor.c     ****         Rotor_motor2_minus_BLU_Write(1);
 111              		.loc 1 48 0
 112 006e 0120     		mov	r0, #1
 113 0070 FFF7FEFF 		bl	Rotor_motor2_minus_BLU_Write
 114              	.LVL11:
  49:.\motor.c     ****         CyDelay(speed);
 115              		.loc 1 49 0
 116 0074 0A20     		mov	r0, #10
 117 0076 FFF7FEFF 		bl	CyDelay
 118              	.LVL12:
  50:.\motor.c     ****         Rotor_motor2_minus_BLU_Write(0);
 119              		.loc 1 50 0
 120 007a 0020     		mov	r0, #0
 121 007c FFF7FEFF 		bl	Rotor_motor2_minus_BLU_Write
ARM GAS  C:\temp\ccpHS3r1.s 			page 4


 122              	.LVL13:
 123              	.L8:
  51:.\motor.c     ****         }
  52:.\motor.c     ****        
  53:.\motor.c     ****         if(indexnummer1==4)
 124              		.loc 1 53 0
 125 0080 2388     		ldrh	r3, [r4]
 126 0082 042B     		cmp	r3, #4
 127 0084 01D1     		bne	.L9
  54:.\motor.c     ****         indexnummer1=1;
 128              		.loc 1 54 0
 129 0086 033B     		sub	r3, r3, #3
 130 0088 00E0     		b	.L12
 131              	.L9:
  55:.\motor.c     ****         else
  56:.\motor.c     ****         indexnummer1++;
 132              		.loc 1 56 0
 133 008a 0133     		add	r3, r3, #1
 134              	.L12:
 135 008c 013D     		sub	r5, r5, #1
 136              	.LVL14:
 137 008e 2380     		strh	r3, [r4]
 138 0090 2DB2     		sxth	r5, r5
 139              	.LVL15:
 140 0092 C0E7     		b	.L4
 141              	.L14:
  57:.\motor.c     ****       
  58:.\motor.c     ****         step--;   
  59:.\motor.c     ****     } 
  60:.\motor.c     **** }
 142              		.loc 1 60 0
 143              		@ sp needed
 144              	.LVL16:
 145 0094 38BD     		pop	{r3, r4, r5, pc}
 146              	.L16:
 147 0096 C046     		.align	2
 148              	.L15:
 149 0098 00000000 		.word	indexnummer1
 150              		.cfi_endproc
 151              	.LFE33:
 152              		.size	rotate, .-rotate
 153              		.comm	indexnummer1,2,2
 154              		.text
 155              	.Letext0:
 156              		.file 2 "Generated_Source\\PSoC4/cytypes.h"
 157              		.file 3 "Generated_Source\\PSoC4/Rotor_motor1_plus_BLK.h"
 158              		.file 4 "Generated_Source\\PSoC4/CyLib.h"
 159              		.file 5 "Generated_Source\\PSoC4/Rotor_motor2_plus_RED.h"
 160              		.file 6 "Generated_Source\\PSoC4/Rotor_motor1_minus_GRN.h"
 161              		.file 7 "./motor.h"
 162              		.file 8 "Generated_Source\\PSoC4/Rotor_motor2_minus_BLU.h"
 163              		.section	.debug_info,"",%progbits
 164              	.Ldebug_info0:
 165 0000 19020000 		.4byte	0x219
 166 0004 0400     		.2byte	0x4
 167 0006 00000000 		.4byte	.Ldebug_abbrev0
 168 000a 04       		.byte	0x4
ARM GAS  C:\temp\ccpHS3r1.s 			page 5


 169 000b 01       		.uleb128 0x1
 170 000c A9000000 		.4byte	.LASF21
 171 0010 01       		.byte	0x1
 172 0011 97000000 		.4byte	.LASF22
 173 0015 15000000 		.4byte	.LASF23
 174 0019 00000000 		.4byte	.Ldebug_ranges0+0
 175 001d 00000000 		.4byte	0
 176 0021 00000000 		.4byte	.Ldebug_line0
 177 0025 02       		.uleb128 0x2
 178 0026 01       		.byte	0x1
 179 0027 06       		.byte	0x6
 180 0028 E6010000 		.4byte	.LASF0
 181 002c 02       		.uleb128 0x2
 182 002d 01       		.byte	0x1
 183 002e 08       		.byte	0x8
 184 002f 78010000 		.4byte	.LASF1
 185 0033 02       		.uleb128 0x2
 186 0034 02       		.byte	0x2
 187 0035 05       		.byte	0x5
 188 0036 1B020000 		.4byte	.LASF2
 189 003a 02       		.uleb128 0x2
 190 003b 02       		.byte	0x2
 191 003c 07       		.byte	0x7
 192 003d 60010000 		.4byte	.LASF3
 193 0041 02       		.uleb128 0x2
 194 0042 04       		.byte	0x4
 195 0043 05       		.byte	0x5
 196 0044 C4010000 		.4byte	.LASF4
 197 0048 02       		.uleb128 0x2
 198 0049 04       		.byte	0x4
 199 004a 07       		.byte	0x7
 200 004b 37010000 		.4byte	.LASF5
 201 004f 02       		.uleb128 0x2
 202 0050 08       		.byte	0x8
 203 0051 05       		.byte	0x5
 204 0052 00000000 		.4byte	.LASF6
 205 0056 02       		.uleb128 0x2
 206 0057 08       		.byte	0x8
 207 0058 07       		.byte	0x7
 208 0059 49010000 		.4byte	.LASF7
 209 005d 03       		.uleb128 0x3
 210 005e 04       		.byte	0x4
 211 005f 05       		.byte	0x5
 212 0060 696E7400 		.ascii	"int\000"
 213 0064 02       		.uleb128 0x2
 214 0065 04       		.byte	0x4
 215 0066 07       		.byte	0x7
 216 0067 5B000000 		.4byte	.LASF8
 217 006b 04       		.uleb128 0x4
 218 006c E0010000 		.4byte	.LASF9
 219 0070 02       		.byte	0x2
 220 0071 C2       		.byte	0xc2
 221 0072 2C000000 		.4byte	0x2c
 222 0076 04       		.uleb128 0x4
 223 0077 0E000000 		.4byte	.LASF10
 224 007b 02       		.byte	0x2
 225 007c C4       		.byte	0xc4
ARM GAS  C:\temp\ccpHS3r1.s 			page 6


 226 007d 48000000 		.4byte	0x48
 227 0081 04       		.uleb128 0x4
 228 0082 92000000 		.4byte	.LASF11
 229 0086 02       		.byte	0x2
 230 0087 C5       		.byte	0xc5
 231 0088 25000000 		.4byte	0x25
 232 008c 04       		.uleb128 0x4
 233 008d 15020000 		.4byte	.LASF12
 234 0091 02       		.byte	0x2
 235 0092 C6       		.byte	0xc6
 236 0093 33000000 		.4byte	0x33
 237 0097 02       		.uleb128 0x2
 238 0098 04       		.byte	0x4
 239 0099 04       		.byte	0x4
 240 009a F2010000 		.4byte	.LASF13
 241 009e 02       		.uleb128 0x2
 242 009f 08       		.byte	0x8
 243 00a0 04       		.byte	0x4
 244 00a1 CD010000 		.4byte	.LASF14
 245 00a5 02       		.uleb128 0x2
 246 00a6 01       		.byte	0x1
 247 00a7 08       		.byte	0x8
 248 00a8 73010000 		.4byte	.LASF15
 249 00ac 02       		.uleb128 0x2
 250 00ad 04       		.byte	0x4
 251 00ae 07       		.byte	0x7
 252 00af 25020000 		.4byte	.LASF16
 253 00b3 05       		.uleb128 0x5
 254 00b4 D9010000 		.4byte	.LASF24
 255 00b8 01       		.byte	0x1
 256 00b9 0F       		.byte	0xf
 257 00ba 00000000 		.4byte	.LFB33
 258 00be 9C000000 		.4byte	.LFE33-.LFB33
 259 00c2 01       		.uleb128 0x1
 260 00c3 9C       		.byte	0x9c
 261 00c4 BA010000 		.4byte	0x1ba
 262 00c8 06       		.uleb128 0x6
 263 00c9 D4010000 		.4byte	.LASF25
 264 00cd 01       		.byte	0x1
 265 00ce 0F       		.byte	0xf
 266 00cf 8C000000 		.4byte	0x8c
 267 00d3 00000000 		.4byte	.LLST0
 268 00d7 07       		.uleb128 0x7
 269 00d8 86010000 		.4byte	.LASF26
 270 00dc 01       		.byte	0x1
 271 00dd 11       		.byte	0x11
 272 00de 81000000 		.4byte	0x81
 273 00e2 0A       		.byte	0xa
 274 00e3 08       		.uleb128 0x8
 275 00e4 26000000 		.4byte	.LVL2
 276 00e8 CB010000 		.4byte	0x1cb
 277 00ec 09       		.uleb128 0x9
 278 00ed 2C000000 		.4byte	.LVL3
 279 00f1 DC010000 		.4byte	0x1dc
 280 00f5 FF000000 		.4byte	0xff
 281 00f9 0A       		.uleb128 0xa
 282 00fa 01       		.uleb128 0x1
ARM GAS  C:\temp\ccpHS3r1.s 			page 7


 283 00fb 50       		.byte	0x50
 284 00fc 01       		.uleb128 0x1
 285 00fd 3A       		.byte	0x3a
 286 00fe 00       		.byte	0
 287 00ff 09       		.uleb128 0x9
 288 0100 32000000 		.4byte	.LVL4
 289 0104 CB010000 		.4byte	0x1cb
 290 0108 12010000 		.4byte	0x112
 291 010c 0A       		.uleb128 0xa
 292 010d 01       		.uleb128 0x1
 293 010e 50       		.byte	0x50
 294 010f 01       		.uleb128 0x1
 295 0110 30       		.byte	0x30
 296 0111 00       		.byte	0
 297 0112 09       		.uleb128 0x9
 298 0113 40000000 		.4byte	.LVL5
 299 0117 ED010000 		.4byte	0x1ed
 300 011b 25010000 		.4byte	0x125
 301 011f 0A       		.uleb128 0xa
 302 0120 01       		.uleb128 0x1
 303 0121 50       		.byte	0x50
 304 0122 01       		.uleb128 0x1
 305 0123 31       		.byte	0x31
 306 0124 00       		.byte	0
 307 0125 09       		.uleb128 0x9
 308 0126 46000000 		.4byte	.LVL6
 309 012a DC010000 		.4byte	0x1dc
 310 012e 38010000 		.4byte	0x138
 311 0132 0A       		.uleb128 0xa
 312 0133 01       		.uleb128 0x1
 313 0134 50       		.byte	0x50
 314 0135 01       		.uleb128 0x1
 315 0136 3A       		.byte	0x3a
 316 0137 00       		.byte	0
 317 0138 09       		.uleb128 0x9
 318 0139 4C000000 		.4byte	.LVL7
 319 013d ED010000 		.4byte	0x1ed
 320 0141 4B010000 		.4byte	0x14b
 321 0145 0A       		.uleb128 0xa
 322 0146 01       		.uleb128 0x1
 323 0147 50       		.byte	0x50
 324 0148 01       		.uleb128 0x1
 325 0149 30       		.byte	0x30
 326 014a 00       		.byte	0
 327 014b 09       		.uleb128 0x9
 328 014c 5A000000 		.4byte	.LVL8
 329 0150 FE010000 		.4byte	0x1fe
 330 0154 5E010000 		.4byte	0x15e
 331 0158 0A       		.uleb128 0xa
 332 0159 01       		.uleb128 0x1
 333 015a 50       		.byte	0x50
 334 015b 01       		.uleb128 0x1
 335 015c 31       		.byte	0x31
 336 015d 00       		.byte	0
 337 015e 09       		.uleb128 0x9
 338 015f 60000000 		.4byte	.LVL9
 339 0163 DC010000 		.4byte	0x1dc
ARM GAS  C:\temp\ccpHS3r1.s 			page 8


 340 0167 71010000 		.4byte	0x171
 341 016b 0A       		.uleb128 0xa
 342 016c 01       		.uleb128 0x1
 343 016d 50       		.byte	0x50
 344 016e 01       		.uleb128 0x1
 345 016f 3A       		.byte	0x3a
 346 0170 00       		.byte	0
 347 0171 09       		.uleb128 0x9
 348 0172 66000000 		.4byte	.LVL10
 349 0176 FE010000 		.4byte	0x1fe
 350 017a 84010000 		.4byte	0x184
 351 017e 0A       		.uleb128 0xa
 352 017f 01       		.uleb128 0x1
 353 0180 50       		.byte	0x50
 354 0181 01       		.uleb128 0x1
 355 0182 30       		.byte	0x30
 356 0183 00       		.byte	0
 357 0184 09       		.uleb128 0x9
 358 0185 74000000 		.4byte	.LVL11
 359 0189 0F020000 		.4byte	0x20f
 360 018d 97010000 		.4byte	0x197
 361 0191 0A       		.uleb128 0xa
 362 0192 01       		.uleb128 0x1
 363 0193 50       		.byte	0x50
 364 0194 01       		.uleb128 0x1
 365 0195 31       		.byte	0x31
 366 0196 00       		.byte	0
 367 0197 09       		.uleb128 0x9
 368 0198 7A000000 		.4byte	.LVL12
 369 019c DC010000 		.4byte	0x1dc
 370 01a0 AA010000 		.4byte	0x1aa
 371 01a4 0A       		.uleb128 0xa
 372 01a5 01       		.uleb128 0x1
 373 01a6 50       		.byte	0x50
 374 01a7 01       		.uleb128 0x1
 375 01a8 3A       		.byte	0x3a
 376 01a9 00       		.byte	0
 377 01aa 0B       		.uleb128 0xb
 378 01ab 80000000 		.4byte	.LVL13
 379 01af 0F020000 		.4byte	0x20f
 380 01b3 0A       		.uleb128 0xa
 381 01b4 01       		.uleb128 0x1
 382 01b5 50       		.byte	0x50
 383 01b6 01       		.uleb128 0x1
 384 01b7 30       		.byte	0x30
 385 01b8 00       		.byte	0
 386 01b9 00       		.byte	0
 387 01ba 0C       		.uleb128 0xc
 388 01bb 85000000 		.4byte	.LASF27
 389 01bf 07       		.byte	0x7
 390 01c0 11       		.byte	0x11
 391 01c1 8C000000 		.4byte	0x8c
 392 01c5 05       		.uleb128 0x5
 393 01c6 03       		.byte	0x3
 394 01c7 00000000 		.4byte	indexnummer1
 395 01cb 0D       		.uleb128 0xd
 396 01cc 8C010000 		.4byte	.LASF17
ARM GAS  C:\temp\ccpHS3r1.s 			page 9


 397 01d0 03       		.byte	0x3
 398 01d1 1D       		.byte	0x1d
 399 01d2 DC010000 		.4byte	0x1dc
 400 01d6 0E       		.uleb128 0xe
 401 01d7 6B000000 		.4byte	0x6b
 402 01db 00       		.byte	0
 403 01dc 0D       		.uleb128 0xd
 404 01dd A1000000 		.4byte	.LASF18
 405 01e1 04       		.byte	0x4
 406 01e2 57       		.byte	0x57
 407 01e3 ED010000 		.4byte	0x1ed
 408 01e7 0E       		.uleb128 0xe
 409 01e8 76000000 		.4byte	0x76
 410 01ec 00       		.byte	0
 411 01ed 0D       		.uleb128 0xd
 412 01ee A8010000 		.4byte	.LASF19
 413 01f2 05       		.byte	0x5
 414 01f3 1D       		.byte	0x1d
 415 01f4 FE010000 		.4byte	0x1fe
 416 01f8 0E       		.uleb128 0xe
 417 01f9 6B000000 		.4byte	0x6b
 418 01fd 00       		.byte	0
 419 01fe 0D       		.uleb128 0xd
 420 01ff F8010000 		.4byte	.LASF20
 421 0203 06       		.byte	0x6
 422 0204 1D       		.byte	0x1d
 423 0205 0F020000 		.4byte	0x20f
 424 0209 0E       		.uleb128 0xe
 425 020a 6B000000 		.4byte	0x6b
 426 020e 00       		.byte	0
 427 020f 0F       		.uleb128 0xf
 428 0210 68000000 		.4byte	.LASF28
 429 0214 08       		.byte	0x8
 430 0215 1D       		.byte	0x1d
 431 0216 0E       		.uleb128 0xe
 432 0217 6B000000 		.4byte	0x6b
 433 021b 00       		.byte	0
 434 021c 00       		.byte	0
 435              		.section	.debug_abbrev,"",%progbits
 436              	.Ldebug_abbrev0:
 437 0000 01       		.uleb128 0x1
 438 0001 11       		.uleb128 0x11
 439 0002 01       		.byte	0x1
 440 0003 25       		.uleb128 0x25
 441 0004 0E       		.uleb128 0xe
 442 0005 13       		.uleb128 0x13
 443 0006 0B       		.uleb128 0xb
 444 0007 03       		.uleb128 0x3
 445 0008 0E       		.uleb128 0xe
 446 0009 1B       		.uleb128 0x1b
 447 000a 0E       		.uleb128 0xe
 448 000b 55       		.uleb128 0x55
 449 000c 17       		.uleb128 0x17
 450 000d 11       		.uleb128 0x11
 451 000e 01       		.uleb128 0x1
 452 000f 10       		.uleb128 0x10
 453 0010 17       		.uleb128 0x17
ARM GAS  C:\temp\ccpHS3r1.s 			page 10


 454 0011 00       		.byte	0
 455 0012 00       		.byte	0
 456 0013 02       		.uleb128 0x2
 457 0014 24       		.uleb128 0x24
 458 0015 00       		.byte	0
 459 0016 0B       		.uleb128 0xb
 460 0017 0B       		.uleb128 0xb
 461 0018 3E       		.uleb128 0x3e
 462 0019 0B       		.uleb128 0xb
 463 001a 03       		.uleb128 0x3
 464 001b 0E       		.uleb128 0xe
 465 001c 00       		.byte	0
 466 001d 00       		.byte	0
 467 001e 03       		.uleb128 0x3
 468 001f 24       		.uleb128 0x24
 469 0020 00       		.byte	0
 470 0021 0B       		.uleb128 0xb
 471 0022 0B       		.uleb128 0xb
 472 0023 3E       		.uleb128 0x3e
 473 0024 0B       		.uleb128 0xb
 474 0025 03       		.uleb128 0x3
 475 0026 08       		.uleb128 0x8
 476 0027 00       		.byte	0
 477 0028 00       		.byte	0
 478 0029 04       		.uleb128 0x4
 479 002a 16       		.uleb128 0x16
 480 002b 00       		.byte	0
 481 002c 03       		.uleb128 0x3
 482 002d 0E       		.uleb128 0xe
 483 002e 3A       		.uleb128 0x3a
 484 002f 0B       		.uleb128 0xb
 485 0030 3B       		.uleb128 0x3b
 486 0031 0B       		.uleb128 0xb
 487 0032 49       		.uleb128 0x49
 488 0033 13       		.uleb128 0x13
 489 0034 00       		.byte	0
 490 0035 00       		.byte	0
 491 0036 05       		.uleb128 0x5
 492 0037 2E       		.uleb128 0x2e
 493 0038 01       		.byte	0x1
 494 0039 3F       		.uleb128 0x3f
 495 003a 19       		.uleb128 0x19
 496 003b 03       		.uleb128 0x3
 497 003c 0E       		.uleb128 0xe
 498 003d 3A       		.uleb128 0x3a
 499 003e 0B       		.uleb128 0xb
 500 003f 3B       		.uleb128 0x3b
 501 0040 0B       		.uleb128 0xb
 502 0041 27       		.uleb128 0x27
 503 0042 19       		.uleb128 0x19
 504 0043 11       		.uleb128 0x11
 505 0044 01       		.uleb128 0x1
 506 0045 12       		.uleb128 0x12
 507 0046 06       		.uleb128 0x6
 508 0047 40       		.uleb128 0x40
 509 0048 18       		.uleb128 0x18
 510 0049 9742     		.uleb128 0x2117
ARM GAS  C:\temp\ccpHS3r1.s 			page 11


 511 004b 19       		.uleb128 0x19
 512 004c 01       		.uleb128 0x1
 513 004d 13       		.uleb128 0x13
 514 004e 00       		.byte	0
 515 004f 00       		.byte	0
 516 0050 06       		.uleb128 0x6
 517 0051 05       		.uleb128 0x5
 518 0052 00       		.byte	0
 519 0053 03       		.uleb128 0x3
 520 0054 0E       		.uleb128 0xe
 521 0055 3A       		.uleb128 0x3a
 522 0056 0B       		.uleb128 0xb
 523 0057 3B       		.uleb128 0x3b
 524 0058 0B       		.uleb128 0xb
 525 0059 49       		.uleb128 0x49
 526 005a 13       		.uleb128 0x13
 527 005b 02       		.uleb128 0x2
 528 005c 17       		.uleb128 0x17
 529 005d 00       		.byte	0
 530 005e 00       		.byte	0
 531 005f 07       		.uleb128 0x7
 532 0060 34       		.uleb128 0x34
 533 0061 00       		.byte	0
 534 0062 03       		.uleb128 0x3
 535 0063 0E       		.uleb128 0xe
 536 0064 3A       		.uleb128 0x3a
 537 0065 0B       		.uleb128 0xb
 538 0066 3B       		.uleb128 0x3b
 539 0067 0B       		.uleb128 0xb
 540 0068 49       		.uleb128 0x49
 541 0069 13       		.uleb128 0x13
 542 006a 1C       		.uleb128 0x1c
 543 006b 0B       		.uleb128 0xb
 544 006c 00       		.byte	0
 545 006d 00       		.byte	0
 546 006e 08       		.uleb128 0x8
 547 006f 898201   		.uleb128 0x4109
 548 0072 00       		.byte	0
 549 0073 11       		.uleb128 0x11
 550 0074 01       		.uleb128 0x1
 551 0075 31       		.uleb128 0x31
 552 0076 13       		.uleb128 0x13
 553 0077 00       		.byte	0
 554 0078 00       		.byte	0
 555 0079 09       		.uleb128 0x9
 556 007a 898201   		.uleb128 0x4109
 557 007d 01       		.byte	0x1
 558 007e 11       		.uleb128 0x11
 559 007f 01       		.uleb128 0x1
 560 0080 31       		.uleb128 0x31
 561 0081 13       		.uleb128 0x13
 562 0082 01       		.uleb128 0x1
 563 0083 13       		.uleb128 0x13
 564 0084 00       		.byte	0
 565 0085 00       		.byte	0
 566 0086 0A       		.uleb128 0xa
 567 0087 8A8201   		.uleb128 0x410a
ARM GAS  C:\temp\ccpHS3r1.s 			page 12


 568 008a 00       		.byte	0
 569 008b 02       		.uleb128 0x2
 570 008c 18       		.uleb128 0x18
 571 008d 9142     		.uleb128 0x2111
 572 008f 18       		.uleb128 0x18
 573 0090 00       		.byte	0
 574 0091 00       		.byte	0
 575 0092 0B       		.uleb128 0xb
 576 0093 898201   		.uleb128 0x4109
 577 0096 01       		.byte	0x1
 578 0097 11       		.uleb128 0x11
 579 0098 01       		.uleb128 0x1
 580 0099 31       		.uleb128 0x31
 581 009a 13       		.uleb128 0x13
 582 009b 00       		.byte	0
 583 009c 00       		.byte	0
 584 009d 0C       		.uleb128 0xc
 585 009e 34       		.uleb128 0x34
 586 009f 00       		.byte	0
 587 00a0 03       		.uleb128 0x3
 588 00a1 0E       		.uleb128 0xe
 589 00a2 3A       		.uleb128 0x3a
 590 00a3 0B       		.uleb128 0xb
 591 00a4 3B       		.uleb128 0x3b
 592 00a5 0B       		.uleb128 0xb
 593 00a6 49       		.uleb128 0x49
 594 00a7 13       		.uleb128 0x13
 595 00a8 3F       		.uleb128 0x3f
 596 00a9 19       		.uleb128 0x19
 597 00aa 02       		.uleb128 0x2
 598 00ab 18       		.uleb128 0x18
 599 00ac 00       		.byte	0
 600 00ad 00       		.byte	0
 601 00ae 0D       		.uleb128 0xd
 602 00af 2E       		.uleb128 0x2e
 603 00b0 01       		.byte	0x1
 604 00b1 3F       		.uleb128 0x3f
 605 00b2 19       		.uleb128 0x19
 606 00b3 03       		.uleb128 0x3
 607 00b4 0E       		.uleb128 0xe
 608 00b5 3A       		.uleb128 0x3a
 609 00b6 0B       		.uleb128 0xb
 610 00b7 3B       		.uleb128 0x3b
 611 00b8 0B       		.uleb128 0xb
 612 00b9 27       		.uleb128 0x27
 613 00ba 19       		.uleb128 0x19
 614 00bb 3C       		.uleb128 0x3c
 615 00bc 19       		.uleb128 0x19
 616 00bd 01       		.uleb128 0x1
 617 00be 13       		.uleb128 0x13
 618 00bf 00       		.byte	0
 619 00c0 00       		.byte	0
 620 00c1 0E       		.uleb128 0xe
 621 00c2 05       		.uleb128 0x5
 622 00c3 00       		.byte	0
 623 00c4 49       		.uleb128 0x49
 624 00c5 13       		.uleb128 0x13
ARM GAS  C:\temp\ccpHS3r1.s 			page 13


 625 00c6 00       		.byte	0
 626 00c7 00       		.byte	0
 627 00c8 0F       		.uleb128 0xf
 628 00c9 2E       		.uleb128 0x2e
 629 00ca 01       		.byte	0x1
 630 00cb 3F       		.uleb128 0x3f
 631 00cc 19       		.uleb128 0x19
 632 00cd 03       		.uleb128 0x3
 633 00ce 0E       		.uleb128 0xe
 634 00cf 3A       		.uleb128 0x3a
 635 00d0 0B       		.uleb128 0xb
 636 00d1 3B       		.uleb128 0x3b
 637 00d2 0B       		.uleb128 0xb
 638 00d3 27       		.uleb128 0x27
 639 00d4 19       		.uleb128 0x19
 640 00d5 3C       		.uleb128 0x3c
 641 00d6 19       		.uleb128 0x19
 642 00d7 00       		.byte	0
 643 00d8 00       		.byte	0
 644 00d9 00       		.byte	0
 645              		.section	.debug_loc,"",%progbits
 646              	.Ldebug_loc0:
 647              	.LLST0:
 648 0000 00000000 		.4byte	.LVL0
 649 0004 16000000 		.4byte	.LVL1
 650 0008 0100     		.2byte	0x1
 651 000a 50       		.byte	0x50
 652 000b 16000000 		.4byte	.LVL1
 653 000f 8E000000 		.4byte	.LVL14
 654 0013 0100     		.2byte	0x1
 655 0015 55       		.byte	0x55
 656 0016 92000000 		.4byte	.LVL15
 657 001a 94000000 		.4byte	.LVL16
 658 001e 0100     		.2byte	0x1
 659 0020 55       		.byte	0x55
 660 0021 00000000 		.4byte	0
 661 0025 00000000 		.4byte	0
 662              		.section	.debug_aranges,"",%progbits
 663 0000 1C000000 		.4byte	0x1c
 664 0004 0200     		.2byte	0x2
 665 0006 00000000 		.4byte	.Ldebug_info0
 666 000a 04       		.byte	0x4
 667 000b 00       		.byte	0
 668 000c 0000     		.2byte	0
 669 000e 0000     		.2byte	0
 670 0010 00000000 		.4byte	.LFB33
 671 0014 9C000000 		.4byte	.LFE33-.LFB33
 672 0018 00000000 		.4byte	0
 673 001c 00000000 		.4byte	0
 674              		.section	.debug_ranges,"",%progbits
 675              	.Ldebug_ranges0:
 676 0000 00000000 		.4byte	.LFB33
 677 0004 9C000000 		.4byte	.LFE33
 678 0008 00000000 		.4byte	0
 679 000c 00000000 		.4byte	0
 680              		.section	.debug_line,"",%progbits
 681              	.Ldebug_line0:
ARM GAS  C:\temp\ccpHS3r1.s 			page 14


 682 0000 F6000000 		.section	.debug_str,"MS",%progbits,1
 682      0200CA00 
 682      00000201 
 682      FB0E0D00 
 682      01010101 
 683              	.LASF6:
 684 0000 6C6F6E67 		.ascii	"long long int\000"
 684      206C6F6E 
 684      6720696E 
 684      7400
 685              	.LASF10:
 686 000e 75696E74 		.ascii	"uint32\000"
 686      333200
 687              	.LASF23:
 688 0015 433A5C55 		.ascii	"C:\\Users\\BEAST\\Desktop\\GITHUB PSOC PLANTE\\PSoC"
 688      73657273 
 688      5C424541 
 688      53545C44 
 688      65736B74 
 689 0043 5C506C61 		.ascii	"\\Plant_control2_0.cydsn\000"
 689      6E745F63 
 689      6F6E7472 
 689      6F6C325F 
 689      302E6379 
 690              	.LASF8:
 691 005b 756E7369 		.ascii	"unsigned int\000"
 691      676E6564 
 691      20696E74 
 691      00
 692              	.LASF28:
 693 0068 526F746F 		.ascii	"Rotor_motor2_minus_BLU_Write\000"
 693      725F6D6F 
 693      746F7232 
 693      5F6D696E 
 693      75735F42 
 694              	.LASF27:
 695 0085 696E6465 		.ascii	"indexnummer1\000"
 695      786E756D 
 695      6D657231 
 695      00
 696              	.LASF11:
 697 0092 696E7438 		.ascii	"int8\000"
 697      00
 698              	.LASF22:
 699 0097 2E5C6D6F 		.ascii	".\\motor.c\000"
 699      746F722E 
 699      6300
 700              	.LASF18:
 701 00a1 43794465 		.ascii	"CyDelay\000"
 701      6C617900 
 702              	.LASF21:
 703 00a9 474E5520 		.ascii	"GNU C 4.9.3 20150303 (release) [ARM/embedded-4_9-br"
 703      4320342E 
 703      392E3320 
 703      32303135 
 703      30333033 
 704 00dc 616E6368 		.ascii	"anch revision 221220] -mcpu=cortex-m0 -mthumb -g -O"
ARM GAS  C:\temp\ccpHS3r1.s 			page 15


 704      20726576 
 704      6973696F 
 704      6E203232 
 704      31323230 
 705 010f 73202D66 		.ascii	"s -ffunction-sections -ffat-lto-objects\000"
 705      66756E63 
 705      74696F6E 
 705      2D736563 
 705      74696F6E 
 706              	.LASF5:
 707 0137 6C6F6E67 		.ascii	"long unsigned int\000"
 707      20756E73 
 707      69676E65 
 707      6420696E 
 707      7400
 708              	.LASF7:
 709 0149 6C6F6E67 		.ascii	"long long unsigned int\000"
 709      206C6F6E 
 709      6720756E 
 709      7369676E 
 709      65642069 
 710              	.LASF3:
 711 0160 73686F72 		.ascii	"short unsigned int\000"
 711      7420756E 
 711      7369676E 
 711      65642069 
 711      6E7400
 712              	.LASF15:
 713 0173 63686172 		.ascii	"char\000"
 713      00
 714              	.LASF1:
 715 0178 756E7369 		.ascii	"unsigned char\000"
 715      676E6564 
 715      20636861 
 715      7200
 716              	.LASF26:
 717 0186 73706565 		.ascii	"speed\000"
 717      6400
 718              	.LASF17:
 719 018c 526F746F 		.ascii	"Rotor_motor1_plus_BLK_Write\000"
 719      725F6D6F 
 719      746F7231 
 719      5F706C75 
 719      735F424C 
 720              	.LASF19:
 721 01a8 526F746F 		.ascii	"Rotor_motor2_plus_RED_Write\000"
 721      725F6D6F 
 721      746F7232 
 721      5F706C75 
 721      735F5245 
 722              	.LASF4:
 723 01c4 6C6F6E67 		.ascii	"long int\000"
 723      20696E74 
 723      00
 724              	.LASF14:
 725 01cd 646F7562 		.ascii	"double\000"
 725      6C6500
ARM GAS  C:\temp\ccpHS3r1.s 			page 16


 726              	.LASF25:
 727 01d4 73746570 		.ascii	"step\000"
 727      00
 728              	.LASF24:
 729 01d9 726F7461 		.ascii	"rotate\000"
 729      746500
 730              	.LASF9:
 731 01e0 75696E74 		.ascii	"uint8\000"
 731      3800
 732              	.LASF0:
 733 01e6 7369676E 		.ascii	"signed char\000"
 733      65642063 
 733      68617200 
 734              	.LASF13:
 735 01f2 666C6F61 		.ascii	"float\000"
 735      7400
 736              	.LASF20:
 737 01f8 526F746F 		.ascii	"Rotor_motor1_minus_GRN_Write\000"
 737      725F6D6F 
 737      746F7231 
 737      5F6D696E 
 737      75735F47 
 738              	.LASF12:
 739 0215 696E7431 		.ascii	"int16\000"
 739      3600
 740              	.LASF2:
 741 021b 73686F72 		.ascii	"short int\000"
 741      7420696E 
 741      7400
 742              	.LASF16:
 743 0225 73697A65 		.ascii	"sizetype\000"
 743      74797065 
 743      00
 744              		.ident	"GCC: (GNU Tools for ARM Embedded Processors) 4.9.3 20150303 (release) [ARM/embedded-4_9-br
