ARM GAS  C:\Users\LAIMON~1\AppData\Local\Temp\cc27fpYf.s 			page 1


   1              		.cpu cortex-m0
   2              		.fpu softvfp
   3              		.eabi_attribute 20, 1
   4              		.eabi_attribute 21, 1
   5              		.eabi_attribute 23, 3
   6              		.eabi_attribute 24, 1
   7              		.eabi_attribute 25, 1
   8              		.eabi_attribute 26, 1
   9              		.eabi_attribute 30, 1
  10              		.eabi_attribute 34, 0
  11              		.eabi_attribute 18, 4
  12              		.code	16
  13              		.file	"main.c"
  14              		.text
  15              	.Ltext0:
  16              		.cfi_sections	.debug_frame
  17              		.section	.text.main,"ax",%progbits
  18              		.align	2
  19              		.global	main
  20              		.code	16
  21              		.thumb_func
  22              		.type	main, %function
  23              	main:
  24              	.LFB33:
  25              		.file 1 ".\\main.c"
   1:.\main.c      **** /* ========================================
   2:.\main.c      ****  *
   3:.\main.c      ****  * Copyright YOUR COMPANY, THE YEAR
   4:.\main.c      ****  * All Rights Reserved
   5:.\main.c      ****  * UNPUBLISHED, LICENSED SOFTWARE.
   6:.\main.c      ****  *
   7:.\main.c      ****  * CONFIDENTIAL AND PROPRIETARY INFORMATION
   8:.\main.c      ****  * WHICH IS THE PROPERTY OF your company.
   9:.\main.c      ****  *
  10:.\main.c      ****  * ========================================
  11:.\main.c      **** */
  12:.\main.c      **** #include <project.h>
  13:.\main.c      **** #include <Plantcontrol.h>
  14:.\main.c      **** 
  15:.\main.c      **** 
  16:.\main.c      **** 
  17:.\main.c      **** 
  18:.\main.c      **** CY_ISR_PROTO(isr_EOC_vec);
  19:.\main.c      **** 
  20:.\main.c      **** 
  21:.\main.c      **** 
  22:.\main.c      **** int main()
  23:.\main.c      **** {
  26              		.loc 1 23 0
  27              		.cfi_startproc
  28 0000 08B5     		push	{r3, lr}
  29              		.cfi_def_cfa_offset 8
  30              		.cfi_offset 3, -8
  31              		.cfi_offset 14, -4
  24:.\main.c      ****     CyGlobalIntEnable; /* Enable global interrupts. */
  32              		.loc 1 24 0
  33              	@ 24 ".\main.c" 1
ARM GAS  C:\Users\LAIMON~1\AppData\Local\Temp\cc27fpYf.s 			page 2


  34 0002 62B6     		CPSIE   i
  35              	@ 0 "" 2
  25:.\main.c      ****     isr_EOC_StartEx(isr_EOC_vec);
  36              		.loc 1 25 0
  37              		.code	16
  38 0004 0748     		ldr	r0, .L3
  39 0006 FFF7FEFF 		bl	isr_EOC_StartEx
  40              	.LVL0:
  26:.\main.c      ****     /* Place your initialization/startup code here (e.g. MyInst_Start()) */
  27:.\main.c      ****     ADC_SAR_Seq_1_Start();
  41              		.loc 1 27 0
  42 000a FFF7FEFF 		bl	ADC_SAR_Seq_1_Start
  43              	.LVL1:
  28:.\main.c      ****     ADC_SAR_Seq_1_StartConvert();
  44              		.loc 1 28 0
  45 000e FFF7FEFF 		bl	ADC_SAR_Seq_1_StartConvert
  46              	.LVL2:
  29:.\main.c      ****     //UART_1_Start(); // til test af sensorer ( udkommenter uart del i sensors.c også)
  30:.\main.c      ****     
  31:.\main.c      ****     initPSoCWiFi(SSID,PASS,DevKitIP);
  47              		.loc 1 31 0
  48 0012 0548     		ldr	r0, .L3+4
  49 0014 0549     		ldr	r1, .L3+8
  50 0016 064A     		ldr	r2, .L3+12
  51 0018 FFF7FEFF 		bl	initPSoCWiFi
  52              	.LVL3:
  53              	.L2:
  32:.\main.c      ****     
  33:.\main.c      ****     
  34:.\main.c      ****     for(;;)
  35:.\main.c      ****     {
  36:.\main.c      **** 
  37:.\main.c      ****         tick();
  54              		.loc 1 37 0 discriminator 1
  55 001c FFF7FEFF 		bl	tick
  56              	.LVL4:
  38:.\main.c      ****     }
  57              		.loc 1 38 0 discriminator 1
  58 0020 FCE7     		b	.L2
  59              	.L4:
  60 0022 C046     		.align	2
  61              	.L3:
  62 0024 00000000 		.word	isr_EOC_vec
  63 0028 00000000 		.word	.LC1
  64 002c 0C000000 		.word	.LC3
  65 0030 18000000 		.word	.LC5
  66              		.cfi_endproc
  67              	.LFE33:
  68              		.size	main, .-main
  69              		.comm	currentTemperature,2,2
  70              		.comm	currentLight,2,2
  71              		.comm	currentWater,2,2
  72              		.comm	currentBattery,2,2
  73              		.comm	currentMoisture,2,2
  74              		.comm	wantedRotate,1,1
  75              		.comm	water,1,1
  76              		.comm	battery,1,1
ARM GAS  C:\Users\LAIMON~1\AppData\Local\Temp\cc27fpYf.s 			page 3


  77              		.comm	light,1,1
  78              		.comm	maxTemperature,1,1
  79              		.comm	wantedMoisture,1,1
  80              		.comm	ID,1,1
  81              		.comm	lightlevel,16,4
  82              		.comm	batterylevel,16,4
  83              		.comm	temperature,16,4
  84              		.comm	waterlevel,100,4
  85              		.comm	moisture,100,4
  86              		.section	.rodata.str1.4,"aMS",%progbits,1
  87              		.align	2
  88              	.LC1:
  89 0000 4C656D6F 		.ascii	"Lemonade\000"
  89      6E616465 
  89      00
  90 0009 000000   		.space	3
  91              	.LC3:
  92 000c 45535069 		.ascii	"ESPisBEST\000"
  92      73424553 
  92      5400
  93 0016 0000     		.space	2
  94              	.LC5:
  95 0018 3139322E 		.ascii	"192.168.43.125\000"
  95      3136382E 
  95      34332E31 
  95      323500
  96 0027 00       		.text
  97              	.Letext0:
  98              		.file 2 "Generated_Source\\PSoC4/cytypes.h"
  99              		.file 3 "./sensors.h"
 100              		.file 4 "./Plantcontrol.h"
 101              		.file 5 "Generated_Source\\PSoC4/ADC_SAR_Seq_1.h"
 102              		.file 6 "Generated_Source\\PSoC4/isr_EOC.h"
 103              		.file 7 "./wifi.h"
 104              		.section	.debug_info,"",%progbits
 105              	.Ldebug_info0:
 106 0000 9D020000 		.4byte	0x29d
 107 0004 0400     		.2byte	0x4
 108 0006 00000000 		.4byte	.Ldebug_abbrev0
 109 000a 04       		.byte	0x4
 110 000b 01       		.uleb128 0x1
 111 000c 6E010000 		.4byte	.LASF36
 112 0010 01       		.byte	0x1
 113 0011 DC000000 		.4byte	.LASF37
 114 0015 3F020000 		.4byte	.LASF38
 115 0019 00000000 		.4byte	.Ldebug_ranges0+0
 116 001d 00000000 		.4byte	0
 117 0021 00000000 		.4byte	.Ldebug_line0
 118 0025 02       		.uleb128 0x2
 119 0026 01       		.byte	0x1
 120 0027 06       		.byte	0x6
 121 0028 91020000 		.4byte	.LASF0
 122 002c 02       		.uleb128 0x2
 123 002d 01       		.byte	0x1
 124 002e 08       		.byte	0x8
 125 002f 5C000000 		.4byte	.LASF1
 126 0033 02       		.uleb128 0x2
ARM GAS  C:\Users\LAIMON~1\AppData\Local\Temp\cc27fpYf.s 			page 4


 127 0034 02       		.byte	0x2
 128 0035 05       		.byte	0x5
 129 0036 35020000 		.4byte	.LASF2
 130 003a 02       		.uleb128 0x2
 131 003b 02       		.byte	0x2
 132 003c 07       		.byte	0x7
 133 003d 92000000 		.4byte	.LASF3
 134 0041 02       		.uleb128 0x2
 135 0042 04       		.byte	0x4
 136 0043 05       		.byte	0x5
 137 0044 75020000 		.4byte	.LASF4
 138 0048 02       		.uleb128 0x2
 139 0049 04       		.byte	0x4
 140 004a 07       		.byte	0x7
 141 004b 80000000 		.4byte	.LASF5
 142 004f 02       		.uleb128 0x2
 143 0050 08       		.byte	0x8
 144 0051 05       		.byte	0x5
 145 0052 FC010000 		.4byte	.LASF6
 146 0056 02       		.uleb128 0x2
 147 0057 08       		.byte	0x8
 148 0058 07       		.byte	0x7
 149 0059 34010000 		.4byte	.LASF7
 150 005d 03       		.uleb128 0x3
 151 005e 04       		.byte	0x4
 152 005f 05       		.byte	0x5
 153 0060 696E7400 		.ascii	"int\000"
 154 0064 02       		.uleb128 0x2
 155 0065 04       		.byte	0x4
 156 0066 07       		.byte	0x7
 157 0067 FF000000 		.4byte	.LASF8
 158 006b 04       		.uleb128 0x4
 159 006c E5000000 		.4byte	.LASF9
 160 0070 02       		.byte	0x2
 161 0071 C5       		.byte	0xc5
 162 0072 25000000 		.4byte	0x25
 163 0076 04       		.uleb128 0x4
 164 0077 8B020000 		.4byte	.LASF10
 165 007b 02       		.byte	0x2
 166 007c C6       		.byte	0xc6
 167 007d 33000000 		.4byte	0x33
 168 0081 02       		.uleb128 0x2
 169 0082 04       		.byte	0x4
 170 0083 04       		.byte	0x4
 171 0084 15000000 		.4byte	.LASF11
 172 0088 02       		.uleb128 0x2
 173 0089 08       		.byte	0x8
 174 008a 04       		.byte	0x4
 175 008b BE000000 		.4byte	.LASF12
 176 008f 02       		.uleb128 0x2
 177 0090 01       		.byte	0x1
 178 0091 08       		.byte	0x8
 179 0092 0A020000 		.4byte	.LASF13
 180 0096 05       		.uleb128 0x5
 181 0097 58010000 		.4byte	.LASF14
 182 009b 02       		.byte	0x2
 183 009c 7E01     		.2byte	0x17e
ARM GAS  C:\Users\LAIMON~1\AppData\Local\Temp\cc27fpYf.s 			page 5


 184 009e A2000000 		.4byte	0xa2
 185 00a2 06       		.uleb128 0x6
 186 00a3 04       		.byte	0x4
 187 00a4 A8000000 		.4byte	0xa8
 188 00a8 07       		.uleb128 0x7
 189 00a9 02       		.uleb128 0x2
 190 00aa 04       		.byte	0x4
 191 00ab 07       		.byte	0x7
 192 00ac 65010000 		.4byte	.LASF15
 193 00b0 06       		.uleb128 0x6
 194 00b1 04       		.byte	0x4
 195 00b2 8F000000 		.4byte	0x8f
 196 00b6 08       		.uleb128 0x8
 197 00b7 FA000000 		.4byte	.LASF39
 198 00bb 01       		.byte	0x1
 199 00bc 16       		.byte	0x16
 200 00bd 5D000000 		.4byte	0x5d
 201 00c1 00000000 		.4byte	.LFB33
 202 00c5 34000000 		.4byte	.LFE33-.LFB33
 203 00c9 01       		.uleb128 0x1
 204 00ca 9C       		.byte	0x9c
 205 00cb 1D010000 		.4byte	0x11d
 206 00cf 09       		.uleb128 0x9
 207 00d0 0A000000 		.4byte	.LVL0
 208 00d4 5D020000 		.4byte	0x25d
 209 00d8 09       		.uleb128 0x9
 210 00d9 0E000000 		.4byte	.LVL1
 211 00dd 6E020000 		.4byte	0x26e
 212 00e1 09       		.uleb128 0x9
 213 00e2 12000000 		.4byte	.LVL2
 214 00e6 75020000 		.4byte	0x275
 215 00ea 0A       		.uleb128 0xa
 216 00eb 1C000000 		.4byte	.LVL3
 217 00ef 7C020000 		.4byte	0x27c
 218 00f3 13010000 		.4byte	0x113
 219 00f7 0B       		.uleb128 0xb
 220 00f8 01       		.uleb128 0x1
 221 00f9 52       		.byte	0x52
 222 00fa 05       		.uleb128 0x5
 223 00fb 03       		.byte	0x3
 224 00fc 18000000 		.4byte	.LC5
 225 0100 0B       		.uleb128 0xb
 226 0101 01       		.uleb128 0x1
 227 0102 51       		.byte	0x51
 228 0103 05       		.uleb128 0x5
 229 0104 03       		.byte	0x3
 230 0105 0C000000 		.4byte	.LC3
 231 0109 0B       		.uleb128 0xb
 232 010a 01       		.uleb128 0x1
 233 010b 50       		.byte	0x50
 234 010c 05       		.uleb128 0x5
 235 010d 03       		.byte	0x3
 236 010e 00000000 		.4byte	.LC1
 237 0112 00       		.byte	0
 238 0113 09       		.uleb128 0x9
 239 0114 20000000 		.4byte	.LVL4
 240 0118 97020000 		.4byte	0x297
ARM GAS  C:\Users\LAIMON~1\AppData\Local\Temp\cc27fpYf.s 			page 6


 241 011c 00       		.byte	0
 242 011d 0C       		.uleb128 0xc
 243 011e 76000000 		.4byte	0x76
 244 0122 2D010000 		.4byte	0x12d
 245 0126 0D       		.uleb128 0xd
 246 0127 A9000000 		.4byte	0xa9
 247 012b 31       		.byte	0x31
 248 012c 00       		.byte	0
 249 012d 0E       		.uleb128 0xe
 250 012e 1B000000 		.4byte	.LASF16
 251 0132 03       		.byte	0x3
 252 0133 12       		.byte	0x12
 253 0134 1D010000 		.4byte	0x11d
 254 0138 05       		.uleb128 0x5
 255 0139 03       		.byte	0x3
 256 013a 00000000 		.4byte	moisture
 257 013e 0E       		.uleb128 0xe
 258 013f 75000000 		.4byte	.LASF17
 259 0143 03       		.byte	0x3
 260 0144 13       		.byte	0x13
 261 0145 1D010000 		.4byte	0x11d
 262 0149 05       		.uleb128 0x5
 263 014a 03       		.byte	0x3
 264 014b 00000000 		.4byte	waterlevel
 265 014f 0C       		.uleb128 0xc
 266 0150 76000000 		.4byte	0x76
 267 0154 5F010000 		.4byte	0x15f
 268 0158 0D       		.uleb128 0xd
 269 0159 A9000000 		.4byte	0xa9
 270 015d 07       		.byte	0x7
 271 015e 00       		.byte	0
 272 015f 0E       		.uleb128 0xe
 273 0160 50000000 		.4byte	.LASF18
 274 0164 03       		.byte	0x3
 275 0165 14       		.byte	0x14
 276 0166 4F010000 		.4byte	0x14f
 277 016a 05       		.uleb128 0x5
 278 016b 03       		.byte	0x3
 279 016c 00000000 		.4byte	temperature
 280 0170 0E       		.uleb128 0xe
 281 0171 27010000 		.4byte	.LASF19
 282 0175 03       		.byte	0x3
 283 0176 15       		.byte	0x15
 284 0177 4F010000 		.4byte	0x14f
 285 017b 05       		.uleb128 0x5
 286 017c 03       		.byte	0x3
 287 017d 00000000 		.4byte	batterylevel
 288 0181 0E       		.uleb128 0xe
 289 0182 6A000000 		.4byte	.LASF20
 290 0186 03       		.byte	0x3
 291 0187 16       		.byte	0x16
 292 0188 4F010000 		.4byte	0x14f
 293 018c 05       		.uleb128 0x5
 294 018d 03       		.byte	0x3
 295 018e 00000000 		.4byte	lightlevel
 296 0192 0F       		.uleb128 0xf
 297 0193 494400   		.ascii	"ID\000"
ARM GAS  C:\Users\LAIMON~1\AppData\Local\Temp\cc27fpYf.s 			page 7


 298 0196 04       		.byte	0x4
 299 0197 13       		.byte	0x13
 300 0198 6B000000 		.4byte	0x6b
 301 019c 05       		.uleb128 0x5
 302 019d 03       		.byte	0x3
 303 019e 00000000 		.4byte	ID
 304 01a2 0E       		.uleb128 0xe
 305 01a3 C5000000 		.4byte	.LASF21
 306 01a7 04       		.byte	0x4
 307 01a8 14       		.byte	0x14
 308 01a9 6B000000 		.4byte	0x6b
 309 01ad 05       		.uleb128 0x5
 310 01ae 03       		.byte	0x3
 311 01af 00000000 		.4byte	wantedMoisture
 312 01b3 0E       		.uleb128 0xe
 313 01b4 24000000 		.4byte	.LASF22
 314 01b8 04       		.byte	0x4
 315 01b9 15       		.byte	0x15
 316 01ba 6B000000 		.4byte	0x6b
 317 01be 05       		.uleb128 0x5
 318 01bf 03       		.byte	0x3
 319 01c0 00000000 		.4byte	maxTemperature
 320 01c4 0E       		.uleb128 0xe
 321 01c5 00000000 		.4byte	.LASF23
 322 01c9 04       		.byte	0x4
 323 01ca 16       		.byte	0x16
 324 01cb 6B000000 		.4byte	0x6b
 325 01cf 05       		.uleb128 0x5
 326 01d0 03       		.byte	0x3
 327 01d1 00000000 		.4byte	light
 328 01d5 0E       		.uleb128 0xe
 329 01d6 D4000000 		.4byte	.LASF24
 330 01da 04       		.byte	0x4
 331 01db 17       		.byte	0x17
 332 01dc 6B000000 		.4byte	0x6b
 333 01e0 05       		.uleb128 0x5
 334 01e1 03       		.byte	0x3
 335 01e2 00000000 		.4byte	battery
 336 01e6 0E       		.uleb128 0xe
 337 01e7 2F020000 		.4byte	.LASF25
 338 01eb 04       		.byte	0x4
 339 01ec 18       		.byte	0x18
 340 01ed 6B000000 		.4byte	0x6b
 341 01f1 05       		.uleb128 0x5
 342 01f2 03       		.byte	0x3
 343 01f3 00000000 		.4byte	water
 344 01f7 0E       		.uleb128 0xe
 345 01f8 4B010000 		.4byte	.LASF26
 346 01fc 04       		.byte	0x4
 347 01fd 19       		.byte	0x19
 348 01fe 6B000000 		.4byte	0x6b
 349 0202 05       		.uleb128 0x5
 350 0203 03       		.byte	0x3
 351 0204 00000000 		.4byte	wantedRotate
 352 0208 0E       		.uleb128 0xe
 353 0209 EA000000 		.4byte	.LASF27
 354 020d 04       		.byte	0x4
ARM GAS  C:\Users\LAIMON~1\AppData\Local\Temp\cc27fpYf.s 			page 8


 355 020e 1F       		.byte	0x1f
 356 020f 76000000 		.4byte	0x76
 357 0213 05       		.uleb128 0x5
 358 0214 03       		.byte	0x3
 359 0215 00000000 		.4byte	currentMoisture
 360 0219 0E       		.uleb128 0xe
 361 021a 06000000 		.4byte	.LASF28
 362 021e 04       		.byte	0x4
 363 021f 20       		.byte	0x20
 364 0220 76000000 		.4byte	0x76
 365 0224 05       		.uleb128 0x5
 366 0225 03       		.byte	0x3
 367 0226 00000000 		.4byte	currentBattery
 368 022a 0E       		.uleb128 0xe
 369 022b 22020000 		.4byte	.LASF29
 370 022f 04       		.byte	0x4
 371 0230 21       		.byte	0x21
 372 0231 76000000 		.4byte	0x76
 373 0235 05       		.uleb128 0x5
 374 0236 03       		.byte	0x3
 375 0237 00000000 		.4byte	currentWater
 376 023b 0E       		.uleb128 0xe
 377 023c 7E020000 		.4byte	.LASF30
 378 0240 04       		.byte	0x4
 379 0241 22       		.byte	0x22
 380 0242 76000000 		.4byte	0x76
 381 0246 05       		.uleb128 0x5
 382 0247 03       		.byte	0x3
 383 0248 00000000 		.4byte	currentLight
 384 024c 0E       		.uleb128 0xe
 385 024d 0F020000 		.4byte	.LASF31
 386 0251 04       		.byte	0x4
 387 0252 23       		.byte	0x23
 388 0253 76000000 		.4byte	0x76
 389 0257 05       		.uleb128 0x5
 390 0258 03       		.byte	0x3
 391 0259 00000000 		.4byte	currentTemperature
 392 025d 10       		.uleb128 0x10
 393 025e 40000000 		.4byte	.LASF34
 394 0262 06       		.byte	0x6
 395 0263 18       		.byte	0x18
 396 0264 6E020000 		.4byte	0x26e
 397 0268 11       		.uleb128 0x11
 398 0269 96000000 		.4byte	0x96
 399 026d 00       		.byte	0
 400 026e 12       		.uleb128 0x12
 401 026f A5000000 		.4byte	.LASF32
 402 0273 05       		.byte	0x5
 403 0274 98       		.byte	0x98
 404 0275 12       		.uleb128 0x12
 405 0276 0C010000 		.4byte	.LASF33
 406 027a 05       		.byte	0x5
 407 027b 9C       		.byte	0x9c
 408 027c 10       		.uleb128 0x10
 409 027d 33000000 		.4byte	.LASF35
 410 0281 07       		.byte	0x7
 411 0282 26       		.byte	0x26
ARM GAS  C:\Users\LAIMON~1\AppData\Local\Temp\cc27fpYf.s 			page 9


 412 0283 97020000 		.4byte	0x297
 413 0287 11       		.uleb128 0x11
 414 0288 B0000000 		.4byte	0xb0
 415 028c 11       		.uleb128 0x11
 416 028d B0000000 		.4byte	0xb0
 417 0291 11       		.uleb128 0x11
 418 0292 B0000000 		.4byte	0xb0
 419 0296 00       		.byte	0
 420 0297 13       		.uleb128 0x13
 421 0298 B9000000 		.4byte	.LASF40
 422 029c 07       		.byte	0x7
 423 029d 31       		.byte	0x31
 424 029e 14       		.uleb128 0x14
 425 029f 00       		.byte	0
 426 02a0 00       		.byte	0
 427              		.section	.debug_abbrev,"",%progbits
 428              	.Ldebug_abbrev0:
 429 0000 01       		.uleb128 0x1
 430 0001 11       		.uleb128 0x11
 431 0002 01       		.byte	0x1
 432 0003 25       		.uleb128 0x25
 433 0004 0E       		.uleb128 0xe
 434 0005 13       		.uleb128 0x13
 435 0006 0B       		.uleb128 0xb
 436 0007 03       		.uleb128 0x3
 437 0008 0E       		.uleb128 0xe
 438 0009 1B       		.uleb128 0x1b
 439 000a 0E       		.uleb128 0xe
 440 000b 55       		.uleb128 0x55
 441 000c 17       		.uleb128 0x17
 442 000d 11       		.uleb128 0x11
 443 000e 01       		.uleb128 0x1
 444 000f 10       		.uleb128 0x10
 445 0010 17       		.uleb128 0x17
 446 0011 00       		.byte	0
 447 0012 00       		.byte	0
 448 0013 02       		.uleb128 0x2
 449 0014 24       		.uleb128 0x24
 450 0015 00       		.byte	0
 451 0016 0B       		.uleb128 0xb
 452 0017 0B       		.uleb128 0xb
 453 0018 3E       		.uleb128 0x3e
 454 0019 0B       		.uleb128 0xb
 455 001a 03       		.uleb128 0x3
 456 001b 0E       		.uleb128 0xe
 457 001c 00       		.byte	0
 458 001d 00       		.byte	0
 459 001e 03       		.uleb128 0x3
 460 001f 24       		.uleb128 0x24
 461 0020 00       		.byte	0
 462 0021 0B       		.uleb128 0xb
 463 0022 0B       		.uleb128 0xb
 464 0023 3E       		.uleb128 0x3e
 465 0024 0B       		.uleb128 0xb
 466 0025 03       		.uleb128 0x3
 467 0026 08       		.uleb128 0x8
 468 0027 00       		.byte	0
ARM GAS  C:\Users\LAIMON~1\AppData\Local\Temp\cc27fpYf.s 			page 10


 469 0028 00       		.byte	0
 470 0029 04       		.uleb128 0x4
 471 002a 16       		.uleb128 0x16
 472 002b 00       		.byte	0
 473 002c 03       		.uleb128 0x3
 474 002d 0E       		.uleb128 0xe
 475 002e 3A       		.uleb128 0x3a
 476 002f 0B       		.uleb128 0xb
 477 0030 3B       		.uleb128 0x3b
 478 0031 0B       		.uleb128 0xb
 479 0032 49       		.uleb128 0x49
 480 0033 13       		.uleb128 0x13
 481 0034 00       		.byte	0
 482 0035 00       		.byte	0
 483 0036 05       		.uleb128 0x5
 484 0037 16       		.uleb128 0x16
 485 0038 00       		.byte	0
 486 0039 03       		.uleb128 0x3
 487 003a 0E       		.uleb128 0xe
 488 003b 3A       		.uleb128 0x3a
 489 003c 0B       		.uleb128 0xb
 490 003d 3B       		.uleb128 0x3b
 491 003e 05       		.uleb128 0x5
 492 003f 49       		.uleb128 0x49
 493 0040 13       		.uleb128 0x13
 494 0041 00       		.byte	0
 495 0042 00       		.byte	0
 496 0043 06       		.uleb128 0x6
 497 0044 0F       		.uleb128 0xf
 498 0045 00       		.byte	0
 499 0046 0B       		.uleb128 0xb
 500 0047 0B       		.uleb128 0xb
 501 0048 49       		.uleb128 0x49
 502 0049 13       		.uleb128 0x13
 503 004a 00       		.byte	0
 504 004b 00       		.byte	0
 505 004c 07       		.uleb128 0x7
 506 004d 15       		.uleb128 0x15
 507 004e 00       		.byte	0
 508 004f 27       		.uleb128 0x27
 509 0050 19       		.uleb128 0x19
 510 0051 00       		.byte	0
 511 0052 00       		.byte	0
 512 0053 08       		.uleb128 0x8
 513 0054 2E       		.uleb128 0x2e
 514 0055 01       		.byte	0x1
 515 0056 3F       		.uleb128 0x3f
 516 0057 19       		.uleb128 0x19
 517 0058 03       		.uleb128 0x3
 518 0059 0E       		.uleb128 0xe
 519 005a 3A       		.uleb128 0x3a
 520 005b 0B       		.uleb128 0xb
 521 005c 3B       		.uleb128 0x3b
 522 005d 0B       		.uleb128 0xb
 523 005e 49       		.uleb128 0x49
 524 005f 13       		.uleb128 0x13
 525 0060 11       		.uleb128 0x11
ARM GAS  C:\Users\LAIMON~1\AppData\Local\Temp\cc27fpYf.s 			page 11


 526 0061 01       		.uleb128 0x1
 527 0062 12       		.uleb128 0x12
 528 0063 06       		.uleb128 0x6
 529 0064 40       		.uleb128 0x40
 530 0065 18       		.uleb128 0x18
 531 0066 9742     		.uleb128 0x2117
 532 0068 19       		.uleb128 0x19
 533 0069 01       		.uleb128 0x1
 534 006a 13       		.uleb128 0x13
 535 006b 00       		.byte	0
 536 006c 00       		.byte	0
 537 006d 09       		.uleb128 0x9
 538 006e 898201   		.uleb128 0x4109
 539 0071 00       		.byte	0
 540 0072 11       		.uleb128 0x11
 541 0073 01       		.uleb128 0x1
 542 0074 31       		.uleb128 0x31
 543 0075 13       		.uleb128 0x13
 544 0076 00       		.byte	0
 545 0077 00       		.byte	0
 546 0078 0A       		.uleb128 0xa
 547 0079 898201   		.uleb128 0x4109
 548 007c 01       		.byte	0x1
 549 007d 11       		.uleb128 0x11
 550 007e 01       		.uleb128 0x1
 551 007f 31       		.uleb128 0x31
 552 0080 13       		.uleb128 0x13
 553 0081 01       		.uleb128 0x1
 554 0082 13       		.uleb128 0x13
 555 0083 00       		.byte	0
 556 0084 00       		.byte	0
 557 0085 0B       		.uleb128 0xb
 558 0086 8A8201   		.uleb128 0x410a
 559 0089 00       		.byte	0
 560 008a 02       		.uleb128 0x2
 561 008b 18       		.uleb128 0x18
 562 008c 9142     		.uleb128 0x2111
 563 008e 18       		.uleb128 0x18
 564 008f 00       		.byte	0
 565 0090 00       		.byte	0
 566 0091 0C       		.uleb128 0xc
 567 0092 01       		.uleb128 0x1
 568 0093 01       		.byte	0x1
 569 0094 49       		.uleb128 0x49
 570 0095 13       		.uleb128 0x13
 571 0096 01       		.uleb128 0x1
 572 0097 13       		.uleb128 0x13
 573 0098 00       		.byte	0
 574 0099 00       		.byte	0
 575 009a 0D       		.uleb128 0xd
 576 009b 21       		.uleb128 0x21
 577 009c 00       		.byte	0
 578 009d 49       		.uleb128 0x49
 579 009e 13       		.uleb128 0x13
 580 009f 2F       		.uleb128 0x2f
 581 00a0 0B       		.uleb128 0xb
 582 00a1 00       		.byte	0
ARM GAS  C:\Users\LAIMON~1\AppData\Local\Temp\cc27fpYf.s 			page 12


 583 00a2 00       		.byte	0
 584 00a3 0E       		.uleb128 0xe
 585 00a4 34       		.uleb128 0x34
 586 00a5 00       		.byte	0
 587 00a6 03       		.uleb128 0x3
 588 00a7 0E       		.uleb128 0xe
 589 00a8 3A       		.uleb128 0x3a
 590 00a9 0B       		.uleb128 0xb
 591 00aa 3B       		.uleb128 0x3b
 592 00ab 0B       		.uleb128 0xb
 593 00ac 49       		.uleb128 0x49
 594 00ad 13       		.uleb128 0x13
 595 00ae 3F       		.uleb128 0x3f
 596 00af 19       		.uleb128 0x19
 597 00b0 02       		.uleb128 0x2
 598 00b1 18       		.uleb128 0x18
 599 00b2 00       		.byte	0
 600 00b3 00       		.byte	0
 601 00b4 0F       		.uleb128 0xf
 602 00b5 34       		.uleb128 0x34
 603 00b6 00       		.byte	0
 604 00b7 03       		.uleb128 0x3
 605 00b8 08       		.uleb128 0x8
 606 00b9 3A       		.uleb128 0x3a
 607 00ba 0B       		.uleb128 0xb
 608 00bb 3B       		.uleb128 0x3b
 609 00bc 0B       		.uleb128 0xb
 610 00bd 49       		.uleb128 0x49
 611 00be 13       		.uleb128 0x13
 612 00bf 3F       		.uleb128 0x3f
 613 00c0 19       		.uleb128 0x19
 614 00c1 02       		.uleb128 0x2
 615 00c2 18       		.uleb128 0x18
 616 00c3 00       		.byte	0
 617 00c4 00       		.byte	0
 618 00c5 10       		.uleb128 0x10
 619 00c6 2E       		.uleb128 0x2e
 620 00c7 01       		.byte	0x1
 621 00c8 3F       		.uleb128 0x3f
 622 00c9 19       		.uleb128 0x19
 623 00ca 03       		.uleb128 0x3
 624 00cb 0E       		.uleb128 0xe
 625 00cc 3A       		.uleb128 0x3a
 626 00cd 0B       		.uleb128 0xb
 627 00ce 3B       		.uleb128 0x3b
 628 00cf 0B       		.uleb128 0xb
 629 00d0 27       		.uleb128 0x27
 630 00d1 19       		.uleb128 0x19
 631 00d2 3C       		.uleb128 0x3c
 632 00d3 19       		.uleb128 0x19
 633 00d4 01       		.uleb128 0x1
 634 00d5 13       		.uleb128 0x13
 635 00d6 00       		.byte	0
 636 00d7 00       		.byte	0
 637 00d8 11       		.uleb128 0x11
 638 00d9 05       		.uleb128 0x5
 639 00da 00       		.byte	0
ARM GAS  C:\Users\LAIMON~1\AppData\Local\Temp\cc27fpYf.s 			page 13


 640 00db 49       		.uleb128 0x49
 641 00dc 13       		.uleb128 0x13
 642 00dd 00       		.byte	0
 643 00de 00       		.byte	0
 644 00df 12       		.uleb128 0x12
 645 00e0 2E       		.uleb128 0x2e
 646 00e1 00       		.byte	0
 647 00e2 3F       		.uleb128 0x3f
 648 00e3 19       		.uleb128 0x19
 649 00e4 03       		.uleb128 0x3
 650 00e5 0E       		.uleb128 0xe
 651 00e6 3A       		.uleb128 0x3a
 652 00e7 0B       		.uleb128 0xb
 653 00e8 3B       		.uleb128 0x3b
 654 00e9 0B       		.uleb128 0xb
 655 00ea 27       		.uleb128 0x27
 656 00eb 19       		.uleb128 0x19
 657 00ec 3C       		.uleb128 0x3c
 658 00ed 19       		.uleb128 0x19
 659 00ee 00       		.byte	0
 660 00ef 00       		.byte	0
 661 00f0 13       		.uleb128 0x13
 662 00f1 2E       		.uleb128 0x2e
 663 00f2 01       		.byte	0x1
 664 00f3 3F       		.uleb128 0x3f
 665 00f4 19       		.uleb128 0x19
 666 00f5 03       		.uleb128 0x3
 667 00f6 0E       		.uleb128 0xe
 668 00f7 3A       		.uleb128 0x3a
 669 00f8 0B       		.uleb128 0xb
 670 00f9 3B       		.uleb128 0x3b
 671 00fa 0B       		.uleb128 0xb
 672 00fb 3C       		.uleb128 0x3c
 673 00fc 19       		.uleb128 0x19
 674 00fd 00       		.byte	0
 675 00fe 00       		.byte	0
 676 00ff 14       		.uleb128 0x14
 677 0100 18       		.uleb128 0x18
 678 0101 00       		.byte	0
 679 0102 00       		.byte	0
 680 0103 00       		.byte	0
 681 0104 00       		.byte	0
 682              		.section	.debug_aranges,"",%progbits
 683 0000 1C000000 		.4byte	0x1c
 684 0004 0200     		.2byte	0x2
 685 0006 00000000 		.4byte	.Ldebug_info0
 686 000a 04       		.byte	0x4
 687 000b 00       		.byte	0
 688 000c 0000     		.2byte	0
 689 000e 0000     		.2byte	0
 690 0010 00000000 		.4byte	.LFB33
 691 0014 34000000 		.4byte	.LFE33-.LFB33
 692 0018 00000000 		.4byte	0
 693 001c 00000000 		.4byte	0
 694              		.section	.debug_ranges,"",%progbits
 695              	.Ldebug_ranges0:
 696 0000 00000000 		.4byte	.LFB33
ARM GAS  C:\Users\LAIMON~1\AppData\Local\Temp\cc27fpYf.s 			page 14


 697 0004 34000000 		.4byte	.LFE33
 698 0008 00000000 		.4byte	0
 699 000c 00000000 		.4byte	0
 700              		.section	.debug_line,"",%progbits
 701              	.Ldebug_line0:
 702 0000 B6000000 		.section	.debug_str,"MS",%progbits,1
 702      02009200 
 702      00000201 
 702      FB0E0D00 
 702      01010101 
 703              	.LASF23:
 704 0000 6C696768 		.ascii	"light\000"
 704      7400
 705              	.LASF28:
 706 0006 63757272 		.ascii	"currentBattery\000"
 706      656E7442 
 706      61747465 
 706      727900
 707              	.LASF11:
 708 0015 666C6F61 		.ascii	"float\000"
 708      7400
 709              	.LASF16:
 710 001b 6D6F6973 		.ascii	"moisture\000"
 710      74757265 
 710      00
 711              	.LASF22:
 712 0024 6D617854 		.ascii	"maxTemperature\000"
 712      656D7065 
 712      72617475 
 712      726500
 713              	.LASF35:
 714 0033 696E6974 		.ascii	"initPSoCWiFi\000"
 714      50536F43 
 714      57694669 
 714      00
 715              	.LASF34:
 716 0040 6973725F 		.ascii	"isr_EOC_StartEx\000"
 716      454F435F 
 716      53746172 
 716      74457800 
 717              	.LASF18:
 718 0050 74656D70 		.ascii	"temperature\000"
 718      65726174 
 718      75726500 
 719              	.LASF1:
 720 005c 756E7369 		.ascii	"unsigned char\000"
 720      676E6564 
 720      20636861 
 720      7200
 721              	.LASF20:
 722 006a 6C696768 		.ascii	"lightlevel\000"
 722      746C6576 
 722      656C00
 723              	.LASF17:
 724 0075 77617465 		.ascii	"waterlevel\000"
 724      726C6576 
 724      656C00
ARM GAS  C:\Users\LAIMON~1\AppData\Local\Temp\cc27fpYf.s 			page 15


 725              	.LASF5:
 726 0080 6C6F6E67 		.ascii	"long unsigned int\000"
 726      20756E73 
 726      69676E65 
 726      6420696E 
 726      7400
 727              	.LASF3:
 728 0092 73686F72 		.ascii	"short unsigned int\000"
 728      7420756E 
 728      7369676E 
 728      65642069 
 728      6E7400
 729              	.LASF32:
 730 00a5 4144435F 		.ascii	"ADC_SAR_Seq_1_Start\000"
 730      5341525F 
 730      5365715F 
 730      315F5374 
 730      61727400 
 731              	.LASF40:
 732 00b9 7469636B 		.ascii	"tick\000"
 732      00
 733              	.LASF12:
 734 00be 646F7562 		.ascii	"double\000"
 734      6C6500
 735              	.LASF21:
 736 00c5 77616E74 		.ascii	"wantedMoisture\000"
 736      65644D6F 
 736      69737475 
 736      726500
 737              	.LASF24:
 738 00d4 62617474 		.ascii	"battery\000"
 738      65727900 
 739              	.LASF37:
 740 00dc 2E5C6D61 		.ascii	".\\main.c\000"
 740      696E2E63 
 740      00
 741              	.LASF9:
 742 00e5 696E7438 		.ascii	"int8\000"
 742      00
 743              	.LASF27:
 744 00ea 63757272 		.ascii	"currentMoisture\000"
 744      656E744D 
 744      6F697374 
 744      75726500 
 745              	.LASF39:
 746 00fa 6D61696E 		.ascii	"main\000"
 746      00
 747              	.LASF8:
 748 00ff 756E7369 		.ascii	"unsigned int\000"
 748      676E6564 
 748      20696E74 
 748      00
 749              	.LASF33:
 750 010c 4144435F 		.ascii	"ADC_SAR_Seq_1_StartConvert\000"
 750      5341525F 
 750      5365715F 
 750      315F5374 
ARM GAS  C:\Users\LAIMON~1\AppData\Local\Temp\cc27fpYf.s 			page 16


 750      61727443 
 751              	.LASF19:
 752 0127 62617474 		.ascii	"batterylevel\000"
 752      6572796C 
 752      6576656C 
 752      00
 753              	.LASF7:
 754 0134 6C6F6E67 		.ascii	"long long unsigned int\000"
 754      206C6F6E 
 754      6720756E 
 754      7369676E 
 754      65642069 
 755              	.LASF26:
 756 014b 77616E74 		.ascii	"wantedRotate\000"
 756      6564526F 
 756      74617465 
 756      00
 757              	.LASF14:
 758 0158 63796973 		.ascii	"cyisraddress\000"
 758      72616464 
 758      72657373 
 758      00
 759              	.LASF15:
 760 0165 73697A65 		.ascii	"sizetype\000"
 760      74797065 
 760      00
 761              	.LASF36:
 762 016e 474E5520 		.ascii	"GNU C 4.9.3 20150303 (release) [ARM/embedded-4_9-br"
 762      4320342E 
 762      392E3320 
 762      32303135 
 762      30333033 
 763 01a1 616E6368 		.ascii	"anch revision 221220] -mcpu=cortex-m0 -mthumb -g -O"
 763      20726576 
 763      6973696F 
 763      6E203232 
 763      31323230 
 764 01d4 67202D66 		.ascii	"g -ffunction-sections -ffat-lto-objects\000"
 764      66756E63 
 764      74696F6E 
 764      2D736563 
 764      74696F6E 
 765              	.LASF6:
 766 01fc 6C6F6E67 		.ascii	"long long int\000"
 766      206C6F6E 
 766      6720696E 
 766      7400
 767              	.LASF13:
 768 020a 63686172 		.ascii	"char\000"
 768      00
 769              	.LASF31:
 770 020f 63757272 		.ascii	"currentTemperature\000"
 770      656E7454 
 770      656D7065 
 770      72617475 
 770      726500
 771              	.LASF29:
ARM GAS  C:\Users\LAIMON~1\AppData\Local\Temp\cc27fpYf.s 			page 17


 772 0222 63757272 		.ascii	"currentWater\000"
 772      656E7457 
 772      61746572 
 772      00
 773              	.LASF25:
 774 022f 77617465 		.ascii	"water\000"
 774      7200
 775              	.LASF2:
 776 0235 73686F72 		.ascii	"short int\000"
 776      7420696E 
 776      7400
 777              	.LASF38:
 778 023f 433A5C55 		.ascii	"C:\\Users\\LaimonasIgnas\\Desktop\\Plant_control2_0"
 778      73657273 
 778      5C4C6169 
 778      6D6F6E61 
 778      7349676E 
 779 026e 2E637964 		.ascii	".cydsn\000"
 779      736E00
 780              	.LASF4:
 781 0275 6C6F6E67 		.ascii	"long int\000"
 781      20696E74 
 781      00
 782              	.LASF30:
 783 027e 63757272 		.ascii	"currentLight\000"
 783      656E744C 
 783      69676874 
 783      00
 784              	.LASF10:
 785 028b 696E7431 		.ascii	"int16\000"
 785      3600
 786              	.LASF0:
 787 0291 7369676E 		.ascii	"signed char\000"
 787      65642063 
 787      68617200 
 788              		.ident	"GCC: (GNU Tools for ARM Embedded Processors) 4.9.3 20150303 (release) [ARM/embedded-4_9-br
